mode: set
github.com/haya14busa/go-vimlparser/go/type.go:91.31,96.2 1 1
github.com/haya14busa/go-vimlparser/go/type.go:106.45,111.2 4 1
github.com/haya14busa/go-vimlparser/go/type.go:113.47,115.2 1 1
github.com/haya14busa/go-vimlparser/go/type.go:117.50,119.2 1 1
github.com/haya14busa/go-vimlparser/go/type.go:121.39,123.2 1 1
github.com/haya14busa/go-vimlparser/go/type.go:136.60,141.2 4 1
github.com/haya14busa/go-vimlparser/go/type.go:143.80,145.2 1 1
github.com/haya14busa/go-vimlparser/go/type.go:152.54,156.2 3 1
github.com/haya14busa/go-vimlparser/go/type.go:162.58,166.2 3 1
github.com/haya14busa/go-vimlparser/go/type.go:174.52,178.2 3 1
github.com/haya14busa/go-vimlparser/go/type.go:180.41,184.2 3 1
github.com/haya14busa/go-vimlparser/go/type.go:191.30,195.2 3 1
github.com/haya14busa/go-vimlparser/go/type.go:197.34,200.2 2 1
github.com/haya14busa/go-vimlparser/go/type.go:202.58,203.25 1 1
github.com/haya14busa/go-vimlparser/go/type.go:203.25,204.26 1 0
github.com/haya14busa/go-vimlparser/go/type.go:204.26,206.4 1 0
github.com/haya14busa/go-vimlparser/go/type.go:206.4,208.4 1 0
github.com/haya14busa/go-vimlparser/go/type.go:209.3,211.3 1 1
github.com/haya14busa/go-vimlparser/go/type.go:214.43,216.2 1 0
github.com/haya14busa/go-vimlparser/go/type.go:218.35,220.2 1 0
github.com/haya14busa/go-vimlparser/go/type.go:222.64,224.2 1 0
github.com/haya14busa/go-vimlparser/go/type.go:226.55,227.30 1 0
github.com/haya14busa/go-vimlparser/go/type.go:234.2,234.23 1 0
github.com/haya14busa/go-vimlparser/go/type.go:227.30,229.48 2 0
github.com/haya14busa/go-vimlparser/go/type.go:232.3,232.12 1 0
github.com/haya14busa/go-vimlparser/go/type.go:229.48,231.4 1 0
github.com/haya14busa/go-vimlparser/go/type.go:234.23,236.3 1 0
github.com/haya14busa/go-vimlparser/go/type.go:236.3,238.3 1 0
github.com/haya14busa/go-vimlparser/go/type.go:241.60,242.35 1 0
github.com/haya14busa/go-vimlparser/go/type.go:242.35,244.45 2 0
github.com/haya14busa/go-vimlparser/go/type.go:247.3,247.12 1 0
github.com/haya14busa/go-vimlparser/go/type.go:244.45,246.4 1 0
github.com/haya14busa/go-vimlparser/go/type.go:251.55,253.45 2 0
github.com/haya14busa/go-vimlparser/go/type.go:258.2,258.23 1 0
github.com/haya14busa/go-vimlparser/go/type.go:253.45,256.3 2 0
github.com/haya14busa/go-vimlparser/go/type.go:258.23,260.3 1 0
github.com/haya14busa/go-vimlparser/go/type.go:260.3,262.3 1 0
github.com/haya14busa/go-vimlparser/go/vimlfunc.go:70.13,71.30 1 1
github.com/haya14busa/go-vimlparser/go/vimlfunc.go:71.30,74.3 2 1
github.com/haya14busa/go-vimlparser/go/vimlfunc.go:79.59,80.35 1 0
github.com/haya14busa/go-vimlparser/go/vimlfunc.go:83.33,84.38 1 0
github.com/haya14busa/go-vimlparser/go/vimlfunc.go:87.39,89.2 1 0
github.com/haya14busa/go-vimlparser/go/vimlfunc.go:91.37,93.2 1 0
github.com/haya14busa/go-vimlparser/go/vimlfunc.go:94.37,95.37 1 0
github.com/haya14busa/go-vimlparser/go/vimlfunc.go:98.2,98.60 1 0
github.com/haya14busa/go-vimlparser/go/vimlfunc.go:95.37,97.3 1 0
github.com/haya14busa/go-vimlparser/go/vimlfunc.go:101.38,102.37 1 1
github.com/haya14busa/go-vimlparser/go/vimlfunc.go:105.2,105.37 1 0
github.com/haya14busa/go-vimlparser/go/vimlfunc.go:102.37,104.3 1 1
github.com/haya14busa/go-vimlparser/go/vimlfunc.go:108.38,109.37 1 0
github.com/haya14busa/go-vimlparser/go/vimlfunc.go:112.2,112.37 1 0
github.com/haya14busa/go-vimlparser/go/vimlfunc.go:109.37,111.3 1 0
github.com/haya14busa/go-vimlparser/go/vimlfunc.go:115.49,117.22 2 0
github.com/haya14busa/go-vimlparser/go/vimlfunc.go:124.2,124.10 1 0
github.com/haya14busa/go-vimlparser/go/vimlfunc.go:117.22,118.40 1 0
github.com/haya14busa/go-vimlparser/go/vimlfunc.go:118.40,120.4 1 0
github.com/haya14busa/go-vimlparser/go/vimlfunc.go:120.4,122.4 1 0
github.com/haya14busa/go-vimlparser/go/vimlfunc.go:127.53,128.37 1 0
github.com/haya14busa/go-vimlparser/go/vimlfunc.go:131.49,134.31 3 0
github.com/haya14busa/go-vimlparser/go/vimlfunc.go:137.2,137.30 1 0
github.com/haya14busa/go-vimlparser/go/vimlfunc.go:134.31,136.3 1 0
github.com/haya14busa/go-vimlparser/go/vimlfunc.go:140.53,141.35 1 0
github.com/haya14busa/go-vimlparser/go/vimlfunc.go:144.36,146.2 1 1
github.com/haya14busa/go-vimlparser/go/vimlfunc.go:148.56,150.2 1 1
github.com/haya14busa/go-vimlparser/go/vimlfunc.go:152.39,154.32 2 0
github.com/haya14busa/go-vimlparser/go/vimlfunc.go:157.2,157.11 1 0
github.com/haya14busa/go-vimlparser/go/vimlfunc.go:154.32,156.3 1 0
github.com/haya14busa/go-vimlparser/go/vimlfunc.go:160.42,161.39 1 0
github.com/haya14busa/go-vimlparser/go/vimlfunc.go:164.48,165.18 1 1
github.com/haya14busa/go-vimlparser/go/vimlfunc.go:172.2,172.36 1 0
github.com/haya14busa/go-vimlparser/go/vimlfunc.go:165.18,167.23 2 1
github.com/haya14busa/go-vimlparser/go/vimlfunc.go:170.3,170.12 1 1
github.com/haya14busa/go-vimlparser/go/vimlfunc.go:167.23,169.4 1 1
github.com/haya14busa/go-vimlparser/go/vimlfunc.go:175.42,177.16 2 0
github.com/haya14busa/go-vimlparser/go/vimlfunc.go:180.2,180.15 1 0
github.com/haya14busa/go-vimlparser/go/vimlfunc.go:177.16,178.44 1 0
github.com/haya14busa/go-vimlparser/go/vimlfunc.go:183.42,184.37 1 0
github.com/haya14busa/go-vimlparser/go/vimlfunc.go:187.58,191.2 3 1
github.com/haya14busa/go-vimlparser/go/vimlfunc.go:193.35,195.2 1 1
github.com/haya14busa/go-vimlparser/go/vimlfunc.go:197.37,198.35 1 0
github.com/haya14busa/go-vimlparser/go/vimlfunc.go:201.72,202.38 1 0
github.com/haya14busa/go-vimlparser/go/vimlparser.go:161.29,163.2 1 1
github.com/haya14busa/go-vimlparser/go/vimlparser.go:165.29,167.2 1 0
github.com/haya14busa/go-vimlparser/go/vimlparser.go:169.29,171.2 1 1
github.com/haya14busa/go-vimlparser/go/vimlparser.go:173.30,175.2 1 0
github.com/haya14busa/go-vimlparser/go/vimlparser.go:177.30,179.2 1 0
github.com/haya14busa/go-vimlparser/go/vimlparser.go:181.29,183.2 1 0
github.com/haya14busa/go-vimlparser/go/vimlparser.go:185.30,187.2 1 0
github.com/haya14busa/go-vimlparser/go/vimlparser.go:189.29,191.2 1 1
github.com/haya14busa/go-vimlparser/go/vimlparser.go:193.29,195.2 1 1
github.com/haya14busa/go-vimlparser/go/vimlparser.go:197.30,199.2 1 1
github.com/haya14busa/go-vimlparser/go/vimlparser.go:201.31,203.2 1 0
github.com/haya14busa/go-vimlparser/go/vimlparser.go:205.31,207.2 1 1
github.com/haya14busa/go-vimlparser/go/vimlparser.go:210.27,212.2 1 0
github.com/haya14busa/go-vimlparser/go/vimlparser.go:214.29,216.2 1 0
github.com/haya14busa/go-vimlparser/go/vimlparser.go:218.29,220.2 1 0
github.com/haya14busa/go-vimlparser/go/vimlparser.go:328.39,330.2 1 1
github.com/haya14busa/go-vimlparser/go/vimlparser.go:332.53,334.36 2 0
github.com/haya14busa/go-vimlparser/go/vimlparser.go:340.2,340.11 1 0
github.com/haya14busa/go-vimlparser/go/vimlparser.go:334.36,335.26 1 0
github.com/haya14busa/go-vimlparser/go/vimlparser.go:338.3,338.9 1 0
github.com/haya14busa/go-vimlparser/go/vimlparser.go:335.26,337.4 1 0
github.com/haya14busa/go-vimlparser/go/vimlparser.go:343.49,345.2 1 1
github.com/haya14busa/go-vimlparser/go/vimlparser.go:347.74,348.44 1 1
github.com/haya14busa/go-vimlparser/go/vimlparser.go:348.44,349.74 1 0
github.com/haya14busa/go-vimlparser/go/vimlparser.go:353.68,354.116 1 1
github.com/haya14busa/go-vimlparser/go/vimlparser.go:354.116,355.68 1 0
github.com/haya14busa/go-vimlparser/go/vimlparser.go:359.69,360.119 1 1
github.com/haya14busa/go-vimlparser/go/vimlparser.go:360.119,361.69 1 0
github.com/haya14busa/go-vimlparser/go/vimlparser.go:365.71,366.41 1 1
github.com/haya14busa/go-vimlparser/go/vimlparser.go:366.41,367.71 1 0
github.com/haya14busa/go-vimlparser/go/vimlparser.go:371.69,372.39 1 1
github.com/haya14busa/go-vimlparser/go/vimlparser.go:372.39,373.69 1 0
github.com/haya14busa/go-vimlparser/go/vimlparser.go:377.62,381.36 4 1
github.com/haya14busa/go-vimlparser/go/vimlparser.go:384.2,390.17 7 1
github.com/haya14busa/go-vimlparser/go/vimlparser.go:381.36,383.3 1 1
github.com/haya14busa/go-vimlparser/go/vimlparser.go:393.41,395.34 2 1
github.com/haya14busa/go-vimlparser/go/vimlparser.go:400.2,401.32 2 1
github.com/haya14busa/go-vimlparser/go/vimlparser.go:405.2,405.34 1 1
github.com/haya14busa/go-vimlparser/go/vimlparser.go:410.2,414.20 5 1
github.com/haya14busa/go-vimlparser/go/vimlparser.go:395.34,399.3 3 0
github.com/haya14busa/go-vimlparser/go/vimlparser.go:401.32,404.3 2 0
github.com/haya14busa/go-vimlparser/go/vimlparser.go:405.34,409.3 3 0
github.com/haya14busa/go-vimlparser/go/vimlparser.go:418.51,420.11 2 1
github.com/haya14busa/go-vimlparser/go/vimlparser.go:514.2,514.31 1 1
github.com/haya14busa/go-vimlparser/go/vimlparser.go:420.11,423.36 3 1
github.com/haya14busa/go-vimlparser/go/vimlparser.go:427.3,430.59 4 1
github.com/haya14busa/go-vimlparser/go/vimlparser.go:423.36,426.4 2 0
github.com/haya14busa/go-vimlparser/go/vimlparser.go:430.59,433.4 1 0
github.com/haya14busa/go-vimlparser/go/vimlparser.go:433.4,433.67 1 1
github.com/haya14busa/go-vimlparser/go/vimlparser.go:433.67,436.4 1 0
github.com/haya14busa/go-vimlparser/go/vimlparser.go:436.4,436.63 1 1
github.com/haya14busa/go-vimlparser/go/vimlparser.go:436.63,439.4 1 0
github.com/haya14busa/go-vimlparser/go/vimlparser.go:439.4,439.65 1 1
github.com/haya14busa/go-vimlparser/go/vimlparser.go:439.65,442.4 1 0
github.com/haya14busa/go-vimlparser/go/vimlparser.go:442.4,442.64 1 1
github.com/haya14busa/go-vimlparser/go/vimlparser.go:442.64,445.4 1 0
github.com/haya14busa/go-vimlparser/go/vimlparser.go:445.4,445.66 1 1
github.com/haya14busa/go-vimlparser/go/vimlparser.go:445.66,448.4 1 0
github.com/haya14busa/go-vimlparser/go/vimlparser.go:448.4,448.64 1 1
github.com/haya14busa/go-vimlparser/go/vimlparser.go:448.64,451.4 1 0
github.com/haya14busa/go-vimlparser/go/vimlparser.go:451.4,451.66 1 1
github.com/haya14busa/go-vimlparser/go/vimlparser.go:451.66,454.4 1 0
github.com/haya14busa/go-vimlparser/go/vimlparser.go:454.4,454.69 1 1
github.com/haya14busa/go-vimlparser/go/vimlparser.go:454.69,457.4 1 0
github.com/haya14busa/go-vimlparser/go/vimlparser.go:457.4,457.61 1 1
github.com/haya14busa/go-vimlparser/go/vimlparser.go:457.61,459.27 1 0
github.com/haya14busa/go-vimlparser/go/vimlparser.go:462.4,462.72 1 0
github.com/haya14busa/go-vimlparser/go/vimlparser.go:459.27,460.10 1 0
github.com/haya14busa/go-vimlparser/go/vimlparser.go:463.4,463.66 1 1
github.com/haya14busa/go-vimlparser/go/vimlparser.go:463.66,466.4 1 0
github.com/haya14busa/go-vimlparser/go/vimlparser.go:466.4,466.66 1 1
github.com/haya14busa/go-vimlparser/go/vimlparser.go:466.66,469.4 1 0
github.com/haya14busa/go-vimlparser/go/vimlparser.go:469.4,469.66 1 1
github.com/haya14busa/go-vimlparser/go/vimlparser.go:469.66,472.4 1 0
github.com/haya14busa/go-vimlparser/go/vimlparser.go:472.4,472.67 1 1
github.com/haya14busa/go-vimlparser/go/vimlparser.go:472.67,475.4 1 0
github.com/haya14busa/go-vimlparser/go/vimlparser.go:475.4,475.64 1 1
github.com/haya14busa/go-vimlparser/go/vimlparser.go:475.64,478.4 1 0
github.com/haya14busa/go-vimlparser/go/vimlparser.go:478.4,478.63 1 1
github.com/haya14busa/go-vimlparser/go/vimlparser.go:478.63,480.16 1 0
github.com/haya14busa/go-vimlparser/go/vimlparser.go:480.16,483.5 2 0
github.com/haya14busa/go-vimlparser/go/vimlparser.go:483.5,485.5 1 0
github.com/haya14busa/go-vimlparser/go/vimlparser.go:486.4,486.24 1 1
github.com/haya14busa/go-vimlparser/go/vimlparser.go:486.24,488.15 1 0
github.com/haya14busa/go-vimlparser/go/vimlparser.go:488.15,490.5 1 0
github.com/haya14busa/go-vimlparser/go/vimlparser.go:490.5,492.5 1 0
github.com/haya14busa/go-vimlparser/go/vimlparser.go:493.4,493.64 1 1
github.com/haya14busa/go-vimlparser/go/vimlparser.go:493.64,496.4 1 0
github.com/haya14busa/go-vimlparser/go/vimlparser.go:496.4,496.65 1 1
github.com/haya14busa/go-vimlparser/go/vimlparser.go:496.65,499.4 1 0
github.com/haya14busa/go-vimlparser/go/vimlparser.go:499.4,499.65 1 1
github.com/haya14busa/go-vimlparser/go/vimlparser.go:499.65,502.4 1 0
github.com/haya14busa/go-vimlparser/go/vimlparser.go:502.4,502.64 1 1
github.com/haya14busa/go-vimlparser/go/vimlparser.go:502.64,504.15 1 0
github.com/haya14busa/go-vimlparser/go/vimlparser.go:504.15,506.5 1 0
github.com/haya14busa/go-vimlparser/go/vimlparser.go:506.5,508.5 1 0
github.com/haya14busa/go-vimlparser/go/vimlparser.go:509.4,511.9 2 1
github.com/haya14busa/go-vimlparser/go/vimlparser.go:518.39,521.11 3 1
github.com/haya14busa/go-vimlparser/go/vimlparser.go:588.2,588.25 1 1
github.com/haya14busa/go-vimlparser/go/vimlparser.go:521.11,522.12 1 1
github.com/haya14busa/go-vimlparser/go/vimlparser.go:573.3,573.34 1 1
github.com/haya14busa/go-vimlparser/go/vimlparser.go:579.3,579.34 1 1
github.com/haya14busa/go-vimlparser/go/vimlparser.go:586.3,586.8 1 1
github.com/haya14busa/go-vimlparser/go/vimlparser.go:522.12,525.15 3 1
github.com/haya14busa/go-vimlparser/go/vimlparser.go:528.4,528.16 1 1
github.com/haya14busa/go-vimlparser/go/vimlparser.go:558.4,558.13 1 1
github.com/haya14busa/go-vimlparser/go/vimlparser.go:569.4,569.58 1 1
github.com/haya14busa/go-vimlparser/go/vimlparser.go:525.15,526.10 1 0
github.com/haya14busa/go-vimlparser/go/vimlparser.go:528.16,530.5 1 0
github.com/haya14busa/go-vimlparser/go/vimlparser.go:530.5,530.23 1 1
github.com/haya14busa/go-vimlparser/go/vimlparser.go:530.23,532.5 1 0
github.com/haya14busa/go-vimlparser/go/vimlparser.go:532.5,532.23 1 1
github.com/haya14busa/go-vimlparser/go/vimlparser.go:532.23,535.16 3 0
github.com/haya14busa/go-vimlparser/go/vimlparser.go:538.5,538.37 1 0
github.com/haya14busa/go-vimlparser/go/vimlparser.go:535.16,536.11 1 0
github.com/haya14busa/go-vimlparser/go/vimlparser.go:539.5,539.23 1 1
github.com/haya14busa/go-vimlparser/go/vimlparser.go:539.23,543.5 3 0
github.com/haya14busa/go-vimlparser/go/vimlparser.go:543.5,543.23 1 1
github.com/haya14busa/go-vimlparser/go/vimlparser.go:543.23,547.5 3 0
github.com/haya14busa/go-vimlparser/go/vimlparser.go:547.5,547.24 1 1
github.com/haya14busa/go-vimlparser/go/vimlparser.go:547.24,549.41 2 0
github.com/haya14busa/go-vimlparser/go/vimlparser.go:549.41,552.6 2 0
github.com/haya14busa/go-vimlparser/go/vimlparser.go:552.6,553.83 1 0
github.com/haya14busa/go-vimlparser/go/vimlparser.go:555.5,555.25 1 1
github.com/haya14busa/go-vimlparser/go/vimlparser.go:555.25,557.5 1 0
github.com/haya14busa/go-vimlparser/go/vimlparser.go:558.13,560.35 2 1
github.com/haya14busa/go-vimlparser/go/vimlparser.go:563.5,564.16 2 1
github.com/haya14busa/go-vimlparser/go/vimlparser.go:567.5,567.31 1 0
github.com/haya14busa/go-vimlparser/go/vimlparser.go:560.35,561.11 1 0
github.com/haya14busa/go-vimlparser/go/vimlparser.go:564.16,565.11 1 1
github.com/haya14busa/go-vimlparser/go/vimlparser.go:569.58,570.10 1 1
github.com/haya14busa/go-vimlparser/go/vimlparser.go:573.34,575.4 1 0
github.com/haya14busa/go-vimlparser/go/vimlparser.go:575.4,575.41 1 1
github.com/haya14busa/go-vimlparser/go/vimlparser.go:575.41,578.4 1 0
github.com/haya14busa/go-vimlparser/go/vimlparser.go:579.34,581.12 2 0
github.com/haya14busa/go-vimlparser/go/vimlparser.go:582.4,582.41 1 1
github.com/haya14busa/go-vimlparser/go/vimlparser.go:582.41,584.12 2 0
github.com/haya14busa/go-vimlparser/go/vimlparser.go:592.74,596.11 4 0
github.com/haya14busa/go-vimlparser/go/vimlparser.go:619.2,619.22 1 0
github.com/haya14busa/go-vimlparser/go/vimlparser.go:596.11,598.14 2 0
github.com/haya14busa/go-vimlparser/go/vimlparser.go:601.3,601.39 1 0
github.com/haya14busa/go-vimlparser/go/vimlparser.go:605.3,606.16 2 0
github.com/haya14busa/go-vimlparser/go/vimlparser.go:598.14,599.9 1 0
github.com/haya14busa/go-vimlparser/go/vimlparser.go:601.39,603.9 2 0
github.com/haya14busa/go-vimlparser/go/vimlparser.go:606.16,608.15 2 0
github.com/haya14busa/go-vimlparser/go/vimlparser.go:611.4,612.16 2 0
github.com/haya14busa/go-vimlparser/go/vimlparser.go:608.15,609.82 1 0
github.com/haya14busa/go-vimlparser/go/vimlparser.go:613.4,613.22 1 0
github.com/haya14busa/go-vimlparser/go/vimlparser.go:613.22,615.4 1 0
github.com/haya14busa/go-vimlparser/go/vimlparser.go:615.4,615.22 1 0
github.com/haya14busa/go-vimlparser/go/vimlparser.go:615.22,617.4 1 0
github.com/haya14busa/go-vimlparser/go/vimlparser.go:622.41,625.64 3 1
github.com/haya14busa/go-vimlparser/go/vimlparser.go:631.2,632.24 2 1
github.com/haya14busa/go-vimlparser/go/vimlparser.go:636.2,636.135 1 1
github.com/haya14busa/go-vimlparser/go/vimlparser.go:642.2,642.70 1 1
github.com/haya14busa/go-vimlparser/go/vimlparser.go:645.2,645.29 1 1
github.com/haya14busa/go-vimlparser/go/vimlparser.go:648.2,649.52 2 1
github.com/haya14busa/go-vimlparser/go/vimlparser.go:652.2,652.65 1 1
github.com/haya14busa/go-vimlparser/go/vimlparser.go:665.2,665.32 1 1
github.com/haya14busa/go-vimlparser/go/vimlparser.go:674.2,674.56 1 1
github.com/haya14busa/go-vimlparser/go/vimlparser.go:682.2,682.75 1 1
github.com/haya14busa/go-vimlparser/go/vimlparser.go:686.2,686.41 1 1
github.com/haya14busa/go-vimlparser/go/vimlparser.go:625.64,626.68 1 0
github.com/haya14busa/go-vimlparser/go/vimlparser.go:629.3,629.9 1 0
github.com/haya14busa/go-vimlparser/go/vimlparser.go:626.68,628.4 1 0
github.com/haya14busa/go-vimlparser/go/vimlparser.go:632.24,634.101 2 1
github.com/haya14busa/go-vimlparser/go/vimlparser.go:636.135,639.3 2 0
github.com/haya14busa/go-vimlparser/go/vimlparser.go:639.3,641.3 1 1
github.com/haya14busa/go-vimlparser/go/vimlparser.go:642.70,643.51 1 0
github.com/haya14busa/go-vimlparser/go/vimlparser.go:645.29,647.3 1 1
github.com/haya14busa/go-vimlparser/go/vimlparser.go:649.52,651.3 1 0
github.com/haya14busa/go-vimlparser/go/vimlparser.go:652.65,653.30 1 0
github.com/haya14busa/go-vimlparser/go/vimlparser.go:653.30,654.31 1 0
github.com/haya14busa/go-vimlparser/go/vimlparser.go:657.4,659.22 3 0
github.com/haya14busa/go-vimlparser/go/vimlparser.go:654.31,655.53 1 0
github.com/haya14busa/go-vimlparser/go/vimlparser.go:660.4,660.72 1 0
github.com/haya14busa/go-vimlparser/go/vimlparser.go:660.72,663.4 2 0
github.com/haya14busa/go-vimlparser/go/vimlparser.go:665.32,666.22 1 0
github.com/haya14busa/go-vimlparser/go/vimlparser.go:666.22,669.4 2 0
github.com/haya14busa/go-vimlparser/go/vimlparser.go:669.4,669.41 1 0
github.com/haya14busa/go-vimlparser/go/vimlparser.go:669.41,672.4 2 0
github.com/haya14busa/go-vimlparser/go/vimlparser.go:674.56,676.48 2 0
github.com/haya14busa/go-vimlparser/go/vimlparser.go:680.3,680.27 1 0
github.com/haya14busa/go-vimlparser/go/vimlparser.go:676.48,679.4 2 0
github.com/haya14busa/go-vimlparser/go/vimlparser.go:682.75,684.3 1 0
github.com/haya14busa/go-vimlparser/go/vimlparser.go:695.55,696.34 1 1
github.com/haya14busa/go-vimlparser/go/vimlparser.go:696.34,698.3 1 0
github.com/haya14busa/go-vimlparser/go/vimlparser.go:698.3,698.40 1 1
github.com/haya14busa/go-vimlparser/go/vimlparser.go:698.40,700.3 1 0
github.com/haya14busa/go-vimlparser/go/vimlparser.go:700.3,700.39 1 1
github.com/haya14busa/go-vimlparser/go/vimlparser.go:700.39,702.3 1 0
github.com/haya14busa/go-vimlparser/go/vimlparser.go:702.3,702.40 1 1
github.com/haya14busa/go-vimlparser/go/vimlparser.go:702.40,704.3 1 0
github.com/haya14busa/go-vimlparser/go/vimlparser.go:704.3,704.41 1 1
github.com/haya14busa/go-vimlparser/go/vimlparser.go:704.41,706.3 1 0
github.com/haya14busa/go-vimlparser/go/vimlparser.go:706.3,706.43 1 1
github.com/haya14busa/go-vimlparser/go/vimlparser.go:706.43,708.3 1 0
github.com/haya14busa/go-vimlparser/go/vimlparser.go:708.3,708.46 1 1
github.com/haya14busa/go-vimlparser/go/vimlparser.go:708.46,710.3 1 0
github.com/haya14busa/go-vimlparser/go/vimlparser.go:710.3,710.39 1 1
github.com/haya14busa/go-vimlparser/go/vimlparser.go:710.39,712.3 1 0
github.com/haya14busa/go-vimlparser/go/vimlparser.go:712.3,712.42 1 1
github.com/haya14busa/go-vimlparser/go/vimlparser.go:712.42,714.3 1 0
github.com/haya14busa/go-vimlparser/go/vimlparser.go:714.3,714.41 1 1
github.com/haya14busa/go-vimlparser/go/vimlparser.go:714.41,716.3 1 0
github.com/haya14busa/go-vimlparser/go/vimlparser.go:716.3,716.42 1 1
github.com/haya14busa/go-vimlparser/go/vimlparser.go:716.42,718.3 1 0
github.com/haya14busa/go-vimlparser/go/vimlparser.go:718.3,718.40 1 1
github.com/haya14busa/go-vimlparser/go/vimlparser.go:718.40,720.3 1 0
github.com/haya14busa/go-vimlparser/go/vimlparser.go:720.3,720.39 1 1
github.com/haya14busa/go-vimlparser/go/vimlparser.go:720.39,722.3 1 0
github.com/haya14busa/go-vimlparser/go/vimlparser.go:722.3,722.41 1 1
github.com/haya14busa/go-vimlparser/go/vimlparser.go:722.41,724.3 1 0
github.com/haya14busa/go-vimlparser/go/vimlparser.go:724.3,724.41 1 1
github.com/haya14busa/go-vimlparser/go/vimlparser.go:724.41,726.3 1 0
github.com/haya14busa/go-vimlparser/go/vimlparser.go:726.3,726.46 1 1
github.com/haya14busa/go-vimlparser/go/vimlparser.go:726.46,728.3 1 0
github.com/haya14busa/go-vimlparser/go/vimlparser.go:728.3,728.40 1 1
github.com/haya14busa/go-vimlparser/go/vimlparser.go:728.40,730.3 1 0
github.com/haya14busa/go-vimlparser/go/vimlparser.go:730.3,730.41 1 1
github.com/haya14busa/go-vimlparser/go/vimlparser.go:730.41,732.3 1 0
github.com/haya14busa/go-vimlparser/go/vimlparser.go:732.3,732.43 1 1
github.com/haya14busa/go-vimlparser/go/vimlparser.go:732.43,734.3 1 0
github.com/haya14busa/go-vimlparser/go/vimlparser.go:734.3,734.42 1 1
github.com/haya14busa/go-vimlparser/go/vimlparser.go:734.42,736.3 1 0
github.com/haya14busa/go-vimlparser/go/vimlparser.go:736.3,736.42 1 1
github.com/haya14busa/go-vimlparser/go/vimlparser.go:736.42,738.3 1 0
github.com/haya14busa/go-vimlparser/go/vimlparser.go:738.3,738.41 1 1
github.com/haya14busa/go-vimlparser/go/vimlparser.go:738.41,740.3 1 0
github.com/haya14busa/go-vimlparser/go/vimlparser.go:740.3,740.38 1 1
github.com/haya14busa/go-vimlparser/go/vimlparser.go:740.38,742.3 1 0
github.com/haya14busa/go-vimlparser/go/vimlparser.go:742.3,742.43 1 1
github.com/haya14busa/go-vimlparser/go/vimlparser.go:742.43,744.3 1 0
github.com/haya14busa/go-vimlparser/go/vimlparser.go:744.3,744.37 1 1
github.com/haya14busa/go-vimlparser/go/vimlparser.go:744.37,746.3 1 0
github.com/haya14busa/go-vimlparser/go/vimlparser.go:746.3,746.41 1 1
github.com/haya14busa/go-vimlparser/go/vimlparser.go:746.41,748.3 1 0
github.com/haya14busa/go-vimlparser/go/vimlparser.go:748.3,748.38 1 1
github.com/haya14busa/go-vimlparser/go/vimlparser.go:748.38,750.3 1 1
github.com/haya14busa/go-vimlparser/go/vimlparser.go:750.3,750.45 1 0
github.com/haya14busa/go-vimlparser/go/vimlparser.go:750.45,752.3 1 0
github.com/haya14busa/go-vimlparser/go/vimlparser.go:752.3,752.42 1 0
github.com/haya14busa/go-vimlparser/go/vimlparser.go:752.42,754.3 1 0
github.com/haya14busa/go-vimlparser/go/vimlparser.go:754.3,754.38 1 0
github.com/haya14busa/go-vimlparser/go/vimlparser.go:754.38,756.3 1 0
github.com/haya14busa/go-vimlparser/go/vimlparser.go:756.3,756.49 1 0
github.com/haya14busa/go-vimlparser/go/vimlparser.go:756.49,758.3 1 0
github.com/haya14busa/go-vimlparser/go/vimlparser.go:758.3,758.43 1 0
github.com/haya14busa/go-vimlparser/go/vimlparser.go:758.43,760.3 1 0
github.com/haya14busa/go-vimlparser/go/vimlparser.go:760.3,760.39 1 0
github.com/haya14busa/go-vimlparser/go/vimlparser.go:760.39,762.3 1 0
github.com/haya14busa/go-vimlparser/go/vimlparser.go:762.3,762.41 1 0
github.com/haya14busa/go-vimlparser/go/vimlparser.go:762.41,764.3 1 0
github.com/haya14busa/go-vimlparser/go/vimlparser.go:764.3,764.42 1 0
github.com/haya14busa/go-vimlparser/go/vimlparser.go:764.42,766.3 1 0
github.com/haya14busa/go-vimlparser/go/vimlparser.go:766.3,766.41 1 0
github.com/haya14busa/go-vimlparser/go/vimlparser.go:766.41,768.3 1 0
github.com/haya14busa/go-vimlparser/go/vimlparser.go:768.3,768.39 1 0
github.com/haya14busa/go-vimlparser/go/vimlparser.go:768.39,770.3 1 0
github.com/haya14busa/go-vimlparser/go/vimlparser.go:770.3,770.38 1 0
github.com/haya14busa/go-vimlparser/go/vimlparser.go:770.38,772.3 1 0
github.com/haya14busa/go-vimlparser/go/vimlparser.go:772.3,772.40 1 0
github.com/haya14busa/go-vimlparser/go/vimlparser.go:772.40,774.3 1 0
github.com/haya14busa/go-vimlparser/go/vimlparser.go:774.3,774.38 1 0
github.com/haya14busa/go-vimlparser/go/vimlparser.go:774.38,776.3 1 0
github.com/haya14busa/go-vimlparser/go/vimlparser.go:776.3,776.40 1 0
github.com/haya14busa/go-vimlparser/go/vimlparser.go:776.40,778.3 1 0
github.com/haya14busa/go-vimlparser/go/vimlparser.go:778.3,778.44 1 0
github.com/haya14busa/go-vimlparser/go/vimlparser.go:778.44,780.3 1 0
github.com/haya14busa/go-vimlparser/go/vimlparser.go:780.3,780.42 1 0
github.com/haya14busa/go-vimlparser/go/vimlparser.go:780.42,782.3 1 0
github.com/haya14busa/go-vimlparser/go/vimlparser.go:782.3,782.40 1 0
github.com/haya14busa/go-vimlparser/go/vimlparser.go:782.40,784.3 1 0
github.com/haya14busa/go-vimlparser/go/vimlparser.go:787.45,790.14 3 1
github.com/haya14busa/go-vimlparser/go/vimlparser.go:809.2,809.16 1 1
github.com/haya14busa/go-vimlparser/go/vimlparser.go:812.2,812.49 1 1
github.com/haya14busa/go-vimlparser/go/vimlparser.go:815.2,816.37 2 1
github.com/haya14busa/go-vimlparser/go/vimlparser.go:822.2,822.17 1 1
github.com/haya14busa/go-vimlparser/go/vimlparser.go:837.2,837.72 1 1
github.com/haya14busa/go-vimlparser/go/vimlparser.go:841.2,842.12 2 1
github.com/haya14busa/go-vimlparser/go/vimlparser.go:790.14,793.3 2 0
github.com/haya14busa/go-vimlparser/go/vimlparser.go:793.3,793.102 1 1
github.com/haya14busa/go-vimlparser/go/vimlparser.go:793.102,796.3 2 0
github.com/haya14busa/go-vimlparser/go/vimlparser.go:796.3,796.42 1 1
github.com/haya14busa/go-vimlparser/go/vimlparser.go:796.42,799.3 2 0
github.com/haya14busa/go-vimlparser/go/vimlparser.go:799.3,799.41 1 1
github.com/haya14busa/go-vimlparser/go/vimlparser.go:799.41,801.3 1 0
github.com/haya14busa/go-vimlparser/go/vimlparser.go:801.3,804.63 3 1
github.com/haya14busa/go-vimlparser/go/vimlparser.go:804.63,807.4 2 0
github.com/haya14busa/go-vimlparser/go/vimlparser.go:809.16,811.3 1 0
github.com/haya14busa/go-vimlparser/go/vimlparser.go:812.49,814.3 1 0
github.com/haya14busa/go-vimlparser/go/vimlparser.go:816.37,817.67 1 1
github.com/haya14busa/go-vimlparser/go/vimlparser.go:817.67,819.9 2 1
github.com/haya14busa/go-vimlparser/go/vimlparser.go:822.17,823.48 1 0
github.com/haya14busa/go-vimlparser/go/vimlparser.go:829.3,829.45 1 0
github.com/haya14busa/go-vimlparser/go/vimlparser.go:823.48,824.68 1 0
github.com/haya14busa/go-vimlparser/go/vimlparser.go:824.68,826.10 2 0
github.com/haya14busa/go-vimlparser/go/vimlparser.go:829.45,830.68 1 0
github.com/haya14busa/go-vimlparser/go/vimlparser.go:830.68,832.10 2 0
github.com/haya14busa/go-vimlparser/go/vimlparser.go:837.72,840.3 2 0
github.com/haya14busa/go-vimlparser/go/vimlparser.go:846.42,848.2 1 0
github.com/haya14busa/go-vimlparser/go/vimlparser.go:852.40,853.57 1 0
github.com/haya14busa/go-vimlparser/go/vimlparser.go:853.57,855.34 2 0
github.com/haya14busa/go-vimlparser/go/vimlparser.go:890.3,890.27 1 0
github.com/haya14busa/go-vimlparser/go/vimlparser.go:855.34,858.4 2 0
github.com/haya14busa/go-vimlparser/go/vimlparser.go:858.4,858.43 1 0
github.com/haya14busa/go-vimlparser/go/vimlparser.go:858.43,861.4 2 0
github.com/haya14busa/go-vimlparser/go/vimlparser.go:861.4,861.42 1 0
github.com/haya14busa/go-vimlparser/go/vimlparser.go:861.42,864.4 2 0
github.com/haya14busa/go-vimlparser/go/vimlparser.go:864.4,864.63 1 0
github.com/haya14busa/go-vimlparser/go/vimlparser.go:864.63,867.4 2 0
github.com/haya14busa/go-vimlparser/go/vimlparser.go:867.4,867.71 1 0
github.com/haya14busa/go-vimlparser/go/vimlparser.go:867.71,870.4 2 0
github.com/haya14busa/go-vimlparser/go/vimlparser.go:870.4,870.42 1 0
github.com/haya14busa/go-vimlparser/go/vimlparser.go:870.42,873.4 2 0
github.com/haya14busa/go-vimlparser/go/vimlparser.go:873.4,873.47 1 0
github.com/haya14busa/go-vimlparser/go/vimlparser.go:873.47,876.4 2 0
github.com/haya14busa/go-vimlparser/go/vimlparser.go:876.4,876.63 1 0
github.com/haya14busa/go-vimlparser/go/vimlparser.go:876.63,878.37 2 0
github.com/haya14busa/go-vimlparser/go/vimlparser.go:878.37,880.5 1 0
github.com/haya14busa/go-vimlparser/go/vimlparser.go:880.5,880.44 1 0
github.com/haya14busa/go-vimlparser/go/vimlparser.go:880.44,882.5 1 0
github.com/haya14busa/go-vimlparser/go/vimlparser.go:882.5,884.5 1 0
github.com/haya14busa/go-vimlparser/go/vimlparser.go:885.4,885.35 1 0
github.com/haya14busa/go-vimlparser/go/vimlparser.go:885.35,886.62 1 0
github.com/haya14busa/go-vimlparser/go/vimlparser.go:887.4,888.9 1 0
github.com/haya14busa/go-vimlparser/go/vimlparser.go:896.40,897.33 1 0
github.com/haya14busa/go-vimlparser/go/vimlparser.go:897.33,899.34 2 0
github.com/haya14busa/go-vimlparser/go/vimlparser.go:899.34,901.4 1 0
github.com/haya14busa/go-vimlparser/go/vimlparser.go:901.4,903.4 1 0
github.com/haya14busa/go-vimlparser/go/vimlparser.go:907.46,909.11 2 0
github.com/haya14busa/go-vimlparser/go/vimlparser.go:920.2,920.10 1 0
github.com/haya14busa/go-vimlparser/go/vimlparser.go:909.11,911.28 2 0
github.com/haya14busa/go-vimlparser/go/vimlparser.go:914.3,915.16 2 0
github.com/haya14busa/go-vimlparser/go/vimlparser.go:918.3,918.9 1 0
github.com/haya14busa/go-vimlparser/go/vimlparser.go:911.28,912.9 1 0
github.com/haya14busa/go-vimlparser/go/vimlparser.go:915.16,917.4 1 0
github.com/haya14busa/go-vimlparser/go/vimlparser.go:923.41,926.15 3 0
github.com/haya14busa/go-vimlparser/go/vimlparser.go:929.2,932.21 4 0
github.com/haya14busa/go-vimlparser/go/vimlparser.go:926.15,927.63 1 0
github.com/haya14busa/go-vimlparser/go/vimlparser.go:935.39,938.18 3 1
github.com/haya14busa/go-vimlparser/go/vimlparser.go:938.18,940.3 0 0
github.com/haya14busa/go-vimlparser/go/vimlparser.go:940.3,940.25 1 1
github.com/haya14busa/go-vimlparser/go/vimlparser.go:940.25,942.3 1 1
github.com/haya14busa/go-vimlparser/go/vimlparser.go:942.3,942.21 1 0
github.com/haya14busa/go-vimlparser/go/vimlparser.go:942.21,944.3 1 0
github.com/haya14busa/go-vimlparser/go/vimlparser.go:944.3,944.22 1 0
github.com/haya14busa/go-vimlparser/go/vimlparser.go:944.22,947.3 2 0
github.com/haya14busa/go-vimlparser/go/vimlparser.go:947.3,948.84 1 0
github.com/haya14busa/go-vimlparser/go/vimlparser.go:953.52,959.2 5 0
github.com/haya14busa/go-vimlparser/go/vimlparser.go:962.44,964.74 2 0
github.com/haya14busa/go-vimlparser/go/vimlparser.go:981.2,985.21 5 0
github.com/haya14busa/go-vimlparser/go/vimlparser.go:964.74,966.3 1 0
github.com/haya14busa/go-vimlparser/go/vimlparser.go:966.3,966.122 1 0
github.com/haya14busa/go-vimlparser/go/vimlparser.go:966.122,967.12 1 0
github.com/haya14busa/go-vimlparser/go/vimlparser.go:967.12,969.33 2 0
github.com/haya14busa/go-vimlparser/go/vimlparser.go:969.33,970.10 1 0
github.com/haya14busa/go-vimlparser/go/vimlparser.go:973.3,974.12 1 0
github.com/haya14busa/go-vimlparser/go/vimlparser.go:974.12,976.33 2 0
github.com/haya14busa/go-vimlparser/go/vimlparser.go:976.33,977.10 1 0
github.com/haya14busa/go-vimlparser/go/vimlparser.go:988.49,989.142 1 0
github.com/haya14busa/go-vimlparser/go/vimlparser.go:992.2,995.11 4 0
github.com/haya14busa/go-vimlparser/go/vimlparser.go:1034.2,1034.55 1 0
github.com/haya14busa/go-vimlparser/go/vimlparser.go:1037.2,1037.12 1 0
github.com/haya14busa/go-vimlparser/go/vimlparser.go:989.142,991.3 1 0
github.com/haya14busa/go-vimlparser/go/vimlparser.go:995.11,997.19 2 0
github.com/haya14busa/go-vimlparser/go/vimlparser.go:1000.3,1001.35 2 0
github.com/haya14busa/go-vimlparser/go/vimlparser.go:1032.3,1032.9 1 0
github.com/haya14busa/go-vimlparser/go/vimlparser.go:997.19,999.4 1 0
github.com/haya14busa/go-vimlparser/go/vimlparser.go:1001.35,1002.9 1 0
github.com/haya14busa/go-vimlparser/go/vimlparser.go:1003.4,1003.25 1 0
github.com/haya14busa/go-vimlparser/go/vimlparser.go:1003.25,1009.36 5 0
github.com/haya14busa/go-vimlparser/go/vimlparser.go:1012.4,1012.21 1 0
github.com/haya14busa/go-vimlparser/go/vimlparser.go:1009.36,1010.10 1 0
github.com/haya14busa/go-vimlparser/go/vimlparser.go:1013.4,1013.113 1 0
github.com/haya14busa/go-vimlparser/go/vimlparser.go:1013.113,1017.16 4 0
github.com/haya14busa/go-vimlparser/go/vimlparser.go:1020.4,1020.23 1 0
github.com/haya14busa/go-vimlparser/go/vimlparser.go:1017.16,1018.81 1 0
github.com/haya14busa/go-vimlparser/go/vimlparser.go:1021.4,1021.295 1 0
github.com/haya14busa/go-vimlparser/go/vimlparser.go:1021.295,1024.89 2 0
github.com/haya14busa/go-vimlparser/go/vimlparser.go:1024.89,1026.5 1 0
github.com/haya14busa/go-vimlparser/go/vimlparser.go:1026.5,1027.10 1 0
github.com/haya14busa/go-vimlparser/go/vimlparser.go:1029.4,1031.4 1 0
github.com/haya14busa/go-vimlparser/go/vimlparser.go:1034.55,1036.3 1 0
github.com/haya14busa/go-vimlparser/go/vimlparser.go:1041.44,1042.32 1 0
github.com/haya14busa/go-vimlparser/go/vimlparser.go:1042.32,1044.3 0 0
github.com/haya14busa/go-vimlparser/go/vimlparser.go:1044.3,1044.40 1 0
github.com/haya14busa/go-vimlparser/go/vimlparser.go:1044.40,1047.3 1 0
github.com/haya14busa/go-vimlparser/go/vimlparser.go:1047.3,1051.16 3 0
github.com/haya14busa/go-vimlparser/go/vimlparser.go:1054.3,1054.58 1 0
github.com/haya14busa/go-vimlparser/go/vimlparser.go:1051.16,1053.4 1 0
github.com/haya14busa/go-vimlparser/go/vimlparser.go:1054.58,1056.4 1 0
github.com/haya14busa/go-vimlparser/go/vimlparser.go:1060.44,1065.11 5 0
github.com/haya14busa/go-vimlparser/go/vimlparser.go:1076.2,1080.21 5 0
github.com/haya14busa/go-vimlparser/go/vimlparser.go:1065.11,1066.36 1 0
github.com/haya14busa/go-vimlparser/go/vimlparser.go:1069.3,1071.16 3 0
github.com/haya14busa/go-vimlparser/go/vimlparser.go:1074.3,1074.20 1 0
github.com/haya14busa/go-vimlparser/go/vimlparser.go:1066.36,1067.9 1 0
github.com/haya14busa/go-vimlparser/go/vimlparser.go:1071.16,1072.9 1 0
github.com/haya14busa/go-vimlparser/go/vimlparser.go:1083.44,1085.2 1 0
github.com/haya14busa/go-vimlparser/go/vimlparser.go:1087.48,1091.11 4 0
github.com/haya14busa/go-vimlparser/go/vimlparser.go:1098.2,1102.21 5 0
github.com/haya14busa/go-vimlparser/go/vimlparser.go:1091.11,1092.36 1 0
github.com/haya14busa/go-vimlparser/go/vimlparser.go:1095.3,1096.30 2 0
github.com/haya14busa/go-vimlparser/go/vimlparser.go:1092.36,1093.9 1 0
github.com/haya14busa/go-vimlparser/go/vimlparser.go:1105.41,1109.34 4 0
github.com/haya14busa/go-vimlparser/go/vimlparser.go:1136.2,1140.21 5 0
github.com/haya14busa/go-vimlparser/go/vimlparser.go:1109.34,1113.14 4 0
github.com/haya14busa/go-vimlparser/go/vimlparser.go:1116.3,1120.12 5 0
github.com/haya14busa/go-vimlparser/go/vimlparser.go:1113.14,1115.4 1 0
github.com/haya14busa/go-vimlparser/go/vimlparser.go:1120.12,1121.37 1 0
github.com/haya14busa/go-vimlparser/go/vimlparser.go:1124.4,1126.17 3 0
github.com/haya14busa/go-vimlparser/go/vimlparser.go:1129.4,1129.21 1 0
github.com/haya14busa/go-vimlparser/go/vimlparser.go:1121.37,1122.10 1 0
github.com/haya14busa/go-vimlparser/go/vimlparser.go:1126.17,1127.10 1 0
github.com/haya14busa/go-vimlparser/go/vimlparser.go:1131.3,1135.3 3 0
github.com/haya14busa/go-vimlparser/go/vimlparser.go:1143.46,1145.2 1 0
github.com/haya14busa/go-vimlparser/go/vimlparser.go:1147.42,1149.2 1 0
github.com/haya14busa/go-vimlparser/go/vimlparser.go:1151.44,1153.2 1 0
github.com/haya14busa/go-vimlparser/go/vimlparser.go:1155.45,1157.2 1 0
github.com/haya14busa/go-vimlparser/go/vimlparser.go:1159.42,1161.2 1 0
github.com/haya14busa/go-vimlparser/go/vimlparser.go:1163.41,1165.2 1 0
github.com/haya14busa/go-vimlparser/go/vimlparser.go:1167.44,1169.44 2 0
github.com/haya14busa/go-vimlparser/go/vimlparser.go:1169.44,1171.3 1 0
github.com/haya14busa/go-vimlparser/go/vimlparser.go:1175.45,1177.2 1 0
github.com/haya14busa/go-vimlparser/go/vimlparser.go:1179.46,1183.42 3 0
github.com/haya14busa/go-vimlparser/go/vimlparser.go:1189.2,1189.33 1 0
github.com/haya14busa/go-vimlparser/go/vimlparser.go:1194.2,1196.35 3 0
github.com/haya14busa/go-vimlparser/go/vimlparser.go:1204.2,1204.33 1 0
github.com/haya14busa/go-vimlparser/go/vimlparser.go:1210.2,1216.44 7 0
github.com/haya14busa/go-vimlparser/go/vimlparser.go:1264.2,1264.11 1 0
github.com/haya14busa/go-vimlparser/go/vimlparser.go:1280.2,1281.25 2 0
github.com/haya14busa/go-vimlparser/go/vimlparser.go:1183.42,1187.3 3 0
github.com/haya14busa/go-vimlparser/go/vimlparser.go:1189.33,1193.3 3 0
github.com/haya14busa/go-vimlparser/go/vimlparser.go:1196.35,1199.96 3 0
github.com/haya14busa/go-vimlparser/go/vimlparser.go:1199.96,1200.112 1 0
github.com/haya14busa/go-vimlparser/go/vimlparser.go:1204.33,1208.3 3 0
github.com/haya14busa/go-vimlparser/go/vimlparser.go:1216.44,1218.3 1 0
github.com/haya14busa/go-vimlparser/go/vimlparser.go:1218.3,1220.12 2 0
github.com/haya14busa/go-vimlparser/go/vimlparser.go:1220.12,1223.39 3 0
github.com/haya14busa/go-vimlparser/go/vimlparser.go:1223.39,1224.91 1 0
github.com/haya14busa/go-vimlparser/go/vimlparser.go:1229.5,1234.75 5 0
github.com/haya14busa/go-vimlparser/go/vimlparser.go:1237.5,1238.35 2 0
github.com/haya14busa/go-vimlparser/go/vimlparser.go:1224.91,1225.83 1 0
github.com/haya14busa/go-vimlparser/go/vimlparser.go:1226.6,1226.48 1 0
github.com/haya14busa/go-vimlparser/go/vimlparser.go:1226.48,1227.90 1 0
github.com/haya14busa/go-vimlparser/go/vimlparser.go:1234.75,1235.105 1 0
github.com/haya14busa/go-vimlparser/go/vimlparser.go:1238.35,1240.48 1 0
github.com/haya14busa/go-vimlparser/go/vimlparser.go:1240.48,1242.12 2 0
github.com/haya14busa/go-vimlparser/go/vimlparser.go:1244.6,1244.43 1 0
github.com/haya14busa/go-vimlparser/go/vimlparser.go:1244.43,1245.11 1 0
github.com/haya14busa/go-vimlparser/go/vimlparser.go:1246.6,1247.77 1 0
github.com/haya14busa/go-vimlparser/go/vimlparser.go:1249.5,1249.45 1 0
github.com/haya14busa/go-vimlparser/go/vimlparser.go:1249.45,1254.36 5 0
github.com/haya14busa/go-vimlparser/go/vimlparser.go:1254.36,1255.11 1 0
github.com/haya14busa/go-vimlparser/go/vimlparser.go:1256.6,1257.77 1 0
github.com/haya14busa/go-vimlparser/go/vimlparser.go:1259.5,1260.76 1 0
github.com/haya14busa/go-vimlparser/go/vimlparser.go:1264.11,1268.16 4 0
github.com/haya14busa/go-vimlparser/go/vimlparser.go:1268.16,1269.9 1 0
github.com/haya14busa/go-vimlparser/go/vimlparser.go:1270.4,1270.28 1 0
github.com/haya14busa/go-vimlparser/go/vimlparser.go:1270.28,1272.4 1 0
github.com/haya14busa/go-vimlparser/go/vimlparser.go:1272.4,1272.28 1 0
github.com/haya14busa/go-vimlparser/go/vimlparser.go:1272.28,1274.4 1 0
github.com/haya14busa/go-vimlparser/go/vimlparser.go:1274.4,1274.27 1 0
github.com/haya14busa/go-vimlparser/go/vimlparser.go:1274.27,1276.4 1 0
github.com/haya14busa/go-vimlparser/go/vimlparser.go:1276.4,1277.62 1 0
github.com/haya14busa/go-vimlparser/go/vimlparser.go:1284.49,1289.44 5 0
github.com/haya14busa/go-vimlparser/go/vimlparser.go:1292.2,1297.20 6 0
github.com/haya14busa/go-vimlparser/go/vimlparser.go:1289.44,1290.73 1 0
github.com/haya14busa/go-vimlparser/go/vimlparser.go:1300.49,1306.2 5 0
github.com/haya14busa/go-vimlparser/go/vimlparser.go:1308.44,1309.44 1 0
github.com/haya14busa/go-vimlparser/go/vimlparser.go:1312.2,1318.39 7 0
github.com/haya14busa/go-vimlparser/go/vimlparser.go:1321.2,1321.21 1 0
github.com/haya14busa/go-vimlparser/go/vimlparser.go:1309.44,1310.68 1 0
github.com/haya14busa/go-vimlparser/go/vimlparser.go:1318.39,1320.3 1 0
github.com/haya14busa/go-vimlparser/go/vimlparser.go:1324.42,1330.25 6 0
github.com/haya14busa/go-vimlparser/go/vimlparser.go:1333.2,1334.34 2 0
github.com/haya14busa/go-vimlparser/go/vimlparser.go:1337.2,1337.21 1 0
github.com/haya14busa/go-vimlparser/go/vimlparser.go:1330.25,1331.62 1 0
github.com/haya14busa/go-vimlparser/go/vimlparser.go:1334.34,1335.52 1 0
github.com/haya14busa/go-vimlparser/go/vimlparser.go:1340.41,1344.42 3 1
github.com/haya14busa/go-vimlparser/go/vimlparser.go:1349.2,1354.81 5 1
github.com/haya14busa/go-vimlparser/go/vimlparser.go:1360.2,1368.44 9 1
github.com/haya14busa/go-vimlparser/go/vimlparser.go:1377.2,1378.21 2 1
github.com/haya14busa/go-vimlparser/go/vimlparser.go:1344.42,1348.3 3 0
github.com/haya14busa/go-vimlparser/go/vimlparser.go:1354.81,1358.3 3 0
github.com/haya14busa/go-vimlparser/go/vimlparser.go:1368.44,1371.3 2 0
github.com/haya14busa/go-vimlparser/go/vimlparser.go:1371.3,1371.22 1 1
github.com/haya14busa/go-vimlparser/go/vimlparser.go:1371.22,1374.3 2 1
github.com/haya14busa/go-vimlparser/go/vimlparser.go:1374.3,1375.23 1 0
github.com/haya14busa/go-vimlparser/go/vimlparser.go:1381.43,1387.2 5 0
github.com/haya14busa/go-vimlparser/go/vimlparser.go:1389.45,1394.35 5 0
github.com/haya14busa/go-vimlparser/go/vimlparser.go:1397.2,1398.21 2 0
github.com/haya14busa/go-vimlparser/go/vimlparser.go:1394.35,1396.3 1 0
github.com/haya14busa/go-vimlparser/go/vimlparser.go:1401.47,1406.35 5 0
github.com/haya14busa/go-vimlparser/go/vimlparser.go:1409.2,1410.21 2 0
github.com/haya14busa/go-vimlparser/go/vimlparser.go:1406.35,1408.3 1 0
github.com/haya14busa/go-vimlparser/go/vimlparser.go:1413.40,1420.2 6 0
github.com/haya14busa/go-vimlparser/go/vimlparser.go:1422.44,1423.78 1 0
github.com/haya14busa/go-vimlparser/go/vimlparser.go:1426.2,1426.38 1 0
github.com/haya14busa/go-vimlparser/go/vimlparser.go:1429.2,1434.25 6 0
github.com/haya14busa/go-vimlparser/go/vimlparser.go:1423.78,1424.58 1 0
github.com/haya14busa/go-vimlparser/go/vimlparser.go:1426.38,1428.3 1 0
github.com/haya14busa/go-vimlparser/go/vimlparser.go:1437.42,1438.78 1 0
github.com/haya14busa/go-vimlparser/go/vimlparser.go:1441.2,1441.38 1 0
github.com/haya14busa/go-vimlparser/go/vimlparser.go:1444.2,1448.25 5 0
github.com/haya14busa/go-vimlparser/go/vimlparser.go:1438.78,1439.56 1 0
github.com/haya14busa/go-vimlparser/go/vimlparser.go:1441.38,1443.3 1 0
github.com/haya14busa/go-vimlparser/go/vimlparser.go:1451.43,1452.116 1 0
github.com/haya14busa/go-vimlparser/go/vimlparser.go:1455.2,1455.38 1 0
github.com/haya14busa/go-vimlparser/go/vimlparser.go:1458.2,1462.20 5 0
github.com/haya14busa/go-vimlparser/go/vimlparser.go:1452.116,1453.57 1 0
github.com/haya14busa/go-vimlparser/go/vimlparser.go:1455.38,1457.3 1 0
github.com/haya14busa/go-vimlparser/go/vimlparser.go:1465.43,1473.2 7 0
github.com/haya14busa/go-vimlparser/go/vimlparser.go:1475.46,1476.41 1 0
github.com/haya14busa/go-vimlparser/go/vimlparser.go:1479.2,1483.20 5 0
github.com/haya14busa/go-vimlparser/go/vimlparser.go:1476.41,1477.63 1 0
github.com/haya14busa/go-vimlparser/go/vimlparser.go:1486.41,1498.38 12 0
github.com/haya14busa/go-vimlparser/go/vimlparser.go:1501.2,1503.25 3 0
github.com/haya14busa/go-vimlparser/go/vimlparser.go:1498.38,1499.48 1 0
github.com/haya14busa/go-vimlparser/go/vimlparser.go:1506.44,1507.39 1 0
github.com/haya14busa/go-vimlparser/go/vimlparser.go:1510.2,1514.20 5 0
github.com/haya14busa/go-vimlparser/go/vimlparser.go:1507.39,1508.59 1 0
github.com/haya14busa/go-vimlparser/go/vimlparser.go:1517.46,1518.78 1 0
github.com/haya14busa/go-vimlparser/go/vimlparser.go:1521.2,1524.21 4 0
github.com/haya14busa/go-vimlparser/go/vimlparser.go:1518.78,1519.71 1 0
github.com/haya14busa/go-vimlparser/go/vimlparser.go:1527.43,1528.78 1 0
github.com/haya14busa/go-vimlparser/go/vimlparser.go:1531.2,1534.21 4 0
github.com/haya14busa/go-vimlparser/go/vimlparser.go:1528.78,1529.68 1 0
github.com/haya14busa/go-vimlparser/go/vimlparser.go:1537.41,1543.2 5 0
github.com/haya14busa/go-vimlparser/go/vimlparser.go:1545.43,1546.43 1 0
github.com/haya14busa/go-vimlparser/go/vimlparser.go:1551.2,1551.39 1 0
github.com/haya14busa/go-vimlparser/go/vimlparser.go:1554.2,1558.43 5 0
github.com/haya14busa/go-vimlparser/go/vimlparser.go:1561.2,1562.25 2 0
github.com/haya14busa/go-vimlparser/go/vimlparser.go:1546.43,1547.60 1 0
github.com/haya14busa/go-vimlparser/go/vimlparser.go:1548.3,1548.85 1 0
github.com/haya14busa/go-vimlparser/go/vimlparser.go:1548.85,1549.58 1 0
github.com/haya14busa/go-vimlparser/go/vimlparser.go:1551.39,1553.3 1 0
github.com/haya14busa/go-vimlparser/go/vimlparser.go:1558.43,1560.3 1 0
github.com/haya14busa/go-vimlparser/go/vimlparser.go:1565.45,1566.78 1 0
github.com/haya14busa/go-vimlparser/go/vimlparser.go:1569.2,1569.39 1 0
github.com/haya14busa/go-vimlparser/go/vimlparser.go:1572.2,1576.25 5 0
github.com/haya14busa/go-vimlparser/go/vimlparser.go:1566.78,1567.60 1 0
github.com/haya14busa/go-vimlparser/go/vimlparser.go:1569.39,1571.3 1 0
github.com/haya14busa/go-vimlparser/go/vimlparser.go:1579.44,1580.119 1 0
github.com/haya14busa/go-vimlparser/go/vimlparser.go:1583.2,1583.39 1 0
github.com/haya14busa/go-vimlparser/go/vimlparser.go:1586.2,1590.20 5 0
github.com/haya14busa/go-vimlparser/go/vimlparser.go:1580.119,1581.59 1 0
github.com/haya14busa/go-vimlparser/go/vimlparser.go:1583.39,1585.3 1 0
github.com/haya14busa/go-vimlparser/go/vimlparser.go:1593.43,1599.2 5 0
github.com/haya14busa/go-vimlparser/go/vimlparser.go:1601.42,1607.2 5 0
github.com/haya14busa/go-vimlparser/go/vimlparser.go:1609.43,1615.2 5 0
github.com/haya14busa/go-vimlparser/go/vimlparser.go:1617.44,1622.44 5 0
github.com/haya14busa/go-vimlparser/go/vimlparser.go:1625.2,1625.21 1 0
github.com/haya14busa/go-vimlparser/go/vimlparser.go:1622.44,1624.3 1 0
github.com/haya14busa/go-vimlparser/go/vimlparser.go:1628.45,1634.2 5 0
github.com/haya14busa/go-vimlparser/go/vimlparser.go:1636.45,1642.2 5 0
github.com/haya14busa/go-vimlparser/go/vimlparser.go:1644.45,1650.2 5 0
github.com/haya14busa/go-vimlparser/go/vimlparser.go:1652.47,1654.2 1 1
github.com/haya14busa/go-vimlparser/go/vimlparser.go:1656.53,1658.11 2 0
github.com/haya14busa/go-vimlparser/go/vimlparser.go:1667.2,1667.13 1 0
github.com/haya14busa/go-vimlparser/go/vimlparser.go:1658.11,1661.39 3 0
github.com/haya14busa/go-vimlparser/go/vimlparser.go:1664.3,1665.28 2 0
github.com/haya14busa/go-vimlparser/go/vimlparser.go:1661.39,1662.9 1 0
github.com/haya14busa/go-vimlparser/go/vimlparser.go:1670.54,1673.206 3 0
github.com/haya14busa/go-vimlparser/go/vimlparser.go:1676.2,1676.44 1 0
github.com/haya14busa/go-vimlparser/go/vimlparser.go:1673.206,1675.3 1 0
github.com/haya14busa/go-vimlparser/go/vimlparser.go:1680.49,1683.35 3 1
github.com/haya14busa/go-vimlparser/go/vimlparser.go:1688.2,1688.234 1 1
github.com/haya14busa/go-vimlparser/go/vimlparser.go:1691.2,1691.44 1 0
github.com/haya14busa/go-vimlparser/go/vimlparser.go:1683.35,1684.38 1 1
github.com/haya14busa/go-vimlparser/go/vimlparser.go:1684.38,1685.84 1 0
github.com/haya14busa/go-vimlparser/go/vimlparser.go:1688.234,1690.3 1 1
github.com/haya14busa/go-vimlparser/go/vimlparser.go:1694.55,1698.11 4 0
github.com/haya14busa/go-vimlparser/go/vimlparser.go:1706.2,1706.13 1 0
github.com/haya14busa/go-vimlparser/go/vimlparser.go:1698.11,1700.43 2 0
github.com/haya14busa/go-vimlparser/go/vimlparser.go:1703.3,1704.28 2 0
github.com/haya14busa/go-vimlparser/go/vimlparser.go:1700.43,1701.9 1 0
github.com/haya14busa/go-vimlparser/go/vimlparser.go:1710.45,1713.44 3 1
github.com/haya14busa/go-vimlparser/go/vimlparser.go:1739.2,1739.12 1 1
github.com/haya14busa/go-vimlparser/go/vimlparser.go:1713.44,1715.12 2 0
github.com/haya14busa/go-vimlparser/go/vimlparser.go:1715.12,1719.36 4 0
github.com/haya14busa/go-vimlparser/go/vimlparser.go:1719.36,1720.10 1 0
github.com/haya14busa/go-vimlparser/go/vimlparser.go:1721.5,1721.41 1 0
github.com/haya14busa/go-vimlparser/go/vimlparser.go:1721.41,1722.13 1 0
github.com/haya14busa/go-vimlparser/go/vimlparser.go:1723.5,1723.45 1 0
github.com/haya14busa/go-vimlparser/go/vimlparser.go:1723.45,1727.37 4 0
github.com/haya14busa/go-vimlparser/go/vimlparser.go:1727.37,1728.11 1 0
github.com/haya14busa/go-vimlparser/go/vimlparser.go:1729.6,1730.82 1 0
github.com/haya14busa/go-vimlparser/go/vimlparser.go:1732.5,1733.81 1 0
github.com/haya14busa/go-vimlparser/go/vimlparser.go:1736.3,1738.3 1 1
github.com/haya14busa/go-vimlparser/go/vimlparser.go:1742.52,1744.2 1 1
github.com/haya14busa/go-vimlparser/go/vimlparser.go:1747.40,1749.13 2 0
github.com/haya14busa/go-vimlparser/go/vimlparser.go:1758.2,1760.43 3 0
github.com/haya14busa/go-vimlparser/go/vimlparser.go:1763.2,1767.21 5 0
github.com/haya14busa/go-vimlparser/go/vimlparser.go:1749.13,1750.62 1 0
github.com/haya14busa/go-vimlparser/go/vimlparser.go:1751.3,1751.36 1 0
github.com/haya14busa/go-vimlparser/go/vimlparser.go:1751.36,1754.30 2 0
github.com/haya14busa/go-vimlparser/go/vimlparser.go:1754.30,1755.62 1 0
github.com/haya14busa/go-vimlparser/go/vimlparser.go:1760.43,1761.61 1 0
github.com/haya14busa/go-vimlparser/go/vimlparser.go:1770.59,1772.2 1 1
github.com/haya14busa/go-vimlparser/go/vimlparser.go:1774.46,1779.2 4 1
github.com/haya14busa/go-vimlparser/go/vimlparser.go:1781.45,1783.50 1 1
github.com/haya14busa/go-vimlparser/go/vimlparser.go:1788.2,1792.10 5 1
github.com/haya14busa/go-vimlparser/go/vimlparser.go:1783.50,1787.3 3 1
github.com/haya14busa/go-vimlparser/go/vimlparser.go:1795.46,1799.18 4 1
github.com/haya14busa/go-vimlparser/go/vimlparser.go:1799.18,1801.3 1 0
github.com/haya14busa/go-vimlparser/go/vimlparser.go:1801.3,1801.25 1 1
github.com/haya14busa/go-vimlparser/go/vimlparser.go:1801.25,1804.3 2 1
github.com/haya14busa/go-vimlparser/go/vimlparser.go:1804.3,1804.23 1 1
github.com/haya14busa/go-vimlparser/go/vimlparser.go:1804.23,1807.3 2 0
github.com/haya14busa/go-vimlparser/go/vimlparser.go:1807.3,1807.77 1 1
github.com/haya14busa/go-vimlparser/go/vimlparser.go:1807.77,1811.3 3 0
github.com/haya14busa/go-vimlparser/go/vimlparser.go:1811.3,1811.23 1 1
github.com/haya14busa/go-vimlparser/go/vimlparser.go:1811.23,1813.39 2 1
github.com/haya14busa/go-vimlparser/go/vimlparser.go:1821.3,1821.42 1 1
github.com/haya14busa/go-vimlparser/go/vimlparser.go:1813.39,1816.116 3 0
github.com/haya14busa/go-vimlparser/go/vimlparser.go:1816.116,1819.5 2 0
github.com/haya14busa/go-vimlparser/go/vimlparser.go:1822.3,1822.56 1 1
github.com/haya14busa/go-vimlparser/go/vimlparser.go:1822.56,1823.20 1 0
github.com/haya14busa/go-vimlparser/go/vimlparser.go:1823.20,1826.4 2 0
github.com/haya14busa/go-vimlparser/go/vimlparser.go:1826.4,1826.27 1 0
github.com/haya14busa/go-vimlparser/go/vimlparser.go:1826.27,1829.4 2 0
github.com/haya14busa/go-vimlparser/go/vimlparser.go:1829.4,1832.4 2 0
github.com/haya14busa/go-vimlparser/go/vimlparser.go:1833.3,1833.107 1 1
github.com/haya14busa/go-vimlparser/go/vimlparser.go:1833.107,1834.20 1 0
github.com/haya14busa/go-vimlparser/go/vimlparser.go:1834.20,1837.4 2 0
github.com/haya14busa/go-vimlparser/go/vimlparser.go:1837.4,1837.27 1 0
github.com/haya14busa/go-vimlparser/go/vimlparser.go:1837.27,1840.4 2 0
github.com/haya14busa/go-vimlparser/go/vimlparser.go:1840.4,1843.4 2 0
github.com/haya14busa/go-vimlparser/go/vimlparser.go:1844.3,1844.24 1 1
github.com/haya14busa/go-vimlparser/go/vimlparser.go:1844.24,1847.3 2 1
github.com/haya14busa/go-vimlparser/go/vimlparser.go:1847.3,1847.38 1 1
github.com/haya14busa/go-vimlparser/go/vimlparser.go:1847.38,1850.3 2 0
github.com/haya14busa/go-vimlparser/go/vimlparser.go:1850.3,1850.38 1 1
github.com/haya14busa/go-vimlparser/go/vimlparser.go:1850.38,1853.3 2 0
github.com/haya14busa/go-vimlparser/go/vimlparser.go:1853.3,1853.38 1 1
github.com/haya14busa/go-vimlparser/go/vimlparser.go:1853.38,1854.20 1 0
github.com/haya14busa/go-vimlparser/go/vimlparser.go:1854.20,1857.4 2 0
github.com/haya14busa/go-vimlparser/go/vimlparser.go:1857.4,1857.27 1 0
github.com/haya14busa/go-vimlparser/go/vimlparser.go:1857.27,1860.4 2 0
github.com/haya14busa/go-vimlparser/go/vimlparser.go:1860.4,1863.4 2 0
github.com/haya14busa/go-vimlparser/go/vimlparser.go:1864.3,1864.38 1 1
github.com/haya14busa/go-vimlparser/go/vimlparser.go:1864.38,1865.20 1 0
github.com/haya14busa/go-vimlparser/go/vimlparser.go:1865.20,1868.4 2 0
github.com/haya14busa/go-vimlparser/go/vimlparser.go:1868.4,1868.27 1 0
github.com/haya14busa/go-vimlparser/go/vimlparser.go:1868.27,1871.4 2 0
github.com/haya14busa/go-vimlparser/go/vimlparser.go:1871.4,1874.4 2 0
github.com/haya14busa/go-vimlparser/go/vimlparser.go:1875.3,1875.38 1 1
github.com/haya14busa/go-vimlparser/go/vimlparser.go:1875.38,1876.20 1 0
github.com/haya14busa/go-vimlparser/go/vimlparser.go:1876.20,1879.4 2 0
github.com/haya14busa/go-vimlparser/go/vimlparser.go:1879.4,1879.27 1 0
github.com/haya14busa/go-vimlparser/go/vimlparser.go:1879.27,1882.4 2 0
github.com/haya14busa/go-vimlparser/go/vimlparser.go:1882.4,1885.4 2 0
github.com/haya14busa/go-vimlparser/go/vimlparser.go:1886.3,1886.38 1 1
github.com/haya14busa/go-vimlparser/go/vimlparser.go:1886.38,1887.20 1 0
github.com/haya14busa/go-vimlparser/go/vimlparser.go:1887.20,1890.4 2 0
github.com/haya14busa/go-vimlparser/go/vimlparser.go:1890.4,1890.27 1 0
github.com/haya14busa/go-vimlparser/go/vimlparser.go:1890.27,1893.4 2 0
github.com/haya14busa/go-vimlparser/go/vimlparser.go:1893.4,1896.4 2 0
github.com/haya14busa/go-vimlparser/go/vimlparser.go:1897.3,1897.38 1 1
github.com/haya14busa/go-vimlparser/go/vimlparser.go:1897.38,1898.20 1 0
github.com/haya14busa/go-vimlparser/go/vimlparser.go:1898.20,1901.4 2 0
github.com/haya14busa/go-vimlparser/go/vimlparser.go:1901.4,1901.27 1 0
github.com/haya14busa/go-vimlparser/go/vimlparser.go:1901.27,1904.4 2 0
github.com/haya14busa/go-vimlparser/go/vimlparser.go:1904.4,1907.4 2 0
github.com/haya14busa/go-vimlparser/go/vimlparser.go:1908.3,1908.38 1 1
github.com/haya14busa/go-vimlparser/go/vimlparser.go:1908.38,1909.20 1 0
github.com/haya14busa/go-vimlparser/go/vimlparser.go:1909.20,1912.4 2 0
github.com/haya14busa/go-vimlparser/go/vimlparser.go:1912.4,1912.27 1 0
github.com/haya14busa/go-vimlparser/go/vimlparser.go:1912.27,1915.4 2 0
github.com/haya14busa/go-vimlparser/go/vimlparser.go:1915.4,1918.4 2 0
github.com/haya14busa/go-vimlparser/go/vimlparser.go:1919.3,1919.21 1 1
github.com/haya14busa/go-vimlparser/go/vimlparser.go:1919.21,1920.20 1 0
github.com/haya14busa/go-vimlparser/go/vimlparser.go:1920.20,1923.4 2 0
github.com/haya14busa/go-vimlparser/go/vimlparser.go:1923.4,1923.27 1 0
github.com/haya14busa/go-vimlparser/go/vimlparser.go:1923.27,1926.4 2 0
github.com/haya14busa/go-vimlparser/go/vimlparser.go:1926.4,1929.4 2 0
github.com/haya14busa/go-vimlparser/go/vimlparser.go:1930.3,1930.21 1 1
github.com/haya14busa/go-vimlparser/go/vimlparser.go:1930.21,1931.20 1 0
github.com/haya14busa/go-vimlparser/go/vimlparser.go:1931.20,1934.4 2 0
github.com/haya14busa/go-vimlparser/go/vimlparser.go:1934.4,1934.27 1 0
github.com/haya14busa/go-vimlparser/go/vimlparser.go:1934.27,1937.4 2 0
github.com/haya14busa/go-vimlparser/go/vimlparser.go:1937.4,1940.4 2 0
github.com/haya14busa/go-vimlparser/go/vimlparser.go:1941.3,1941.21 1 1
github.com/haya14busa/go-vimlparser/go/vimlparser.go:1941.21,1944.3 2 1
github.com/haya14busa/go-vimlparser/go/vimlparser.go:1944.3,1944.21 1 1
github.com/haya14busa/go-vimlparser/go/vimlparser.go:1944.21,1947.3 2 0
github.com/haya14busa/go-vimlparser/go/vimlparser.go:1947.3,1947.21 1 1
github.com/haya14busa/go-vimlparser/go/vimlparser.go:1947.21,1948.37 1 0
github.com/haya14busa/go-vimlparser/go/vimlparser.go:1948.37,1951.4 2 0
github.com/haya14busa/go-vimlparser/go/vimlparser.go:1951.4,1954.4 2 0
github.com/haya14busa/go-vimlparser/go/vimlparser.go:1955.3,1955.21 1 1
github.com/haya14busa/go-vimlparser/go/vimlparser.go:1955.21,1958.3 2 0
github.com/haya14busa/go-vimlparser/go/vimlparser.go:1958.3,1958.21 1 1
github.com/haya14busa/go-vimlparser/go/vimlparser.go:1958.21,1961.3 2 1
github.com/haya14busa/go-vimlparser/go/vimlparser.go:1961.3,1961.21 1 1
github.com/haya14busa/go-vimlparser/go/vimlparser.go:1961.21,1964.3 2 0
github.com/haya14busa/go-vimlparser/go/vimlparser.go:1964.3,1964.21 1 1
github.com/haya14busa/go-vimlparser/go/vimlparser.go:1964.21,1967.3 2 0
github.com/haya14busa/go-vimlparser/go/vimlparser.go:1967.3,1967.21 1 1
github.com/haya14busa/go-vimlparser/go/vimlparser.go:1967.21,1970.3 2 0
github.com/haya14busa/go-vimlparser/go/vimlparser.go:1970.3,1970.21 1 1
github.com/haya14busa/go-vimlparser/go/vimlparser.go:1970.21,1973.3 2 0
github.com/haya14busa/go-vimlparser/go/vimlparser.go:1973.3,1973.21 1 1
github.com/haya14busa/go-vimlparser/go/vimlparser.go:1973.21,1976.3 2 0
github.com/haya14busa/go-vimlparser/go/vimlparser.go:1976.3,1976.21 1 1
github.com/haya14busa/go-vimlparser/go/vimlparser.go:1976.21,1979.3 2 0
github.com/haya14busa/go-vimlparser/go/vimlparser.go:1979.3,1979.21 1 1
github.com/haya14busa/go-vimlparser/go/vimlparser.go:1979.21,1982.3 2 0
github.com/haya14busa/go-vimlparser/go/vimlparser.go:1982.3,1982.21 1 1
github.com/haya14busa/go-vimlparser/go/vimlparser.go:1982.21,1985.3 2 0
github.com/haya14busa/go-vimlparser/go/vimlparser.go:1985.3,1985.21 1 1
github.com/haya14busa/go-vimlparser/go/vimlparser.go:1985.21,1988.3 2 0
github.com/haya14busa/go-vimlparser/go/vimlparser.go:1988.3,1988.21 1 1
github.com/haya14busa/go-vimlparser/go/vimlparser.go:1988.21,1991.3 2 0
github.com/haya14busa/go-vimlparser/go/vimlparser.go:1991.3,1991.21 1 1
github.com/haya14busa/go-vimlparser/go/vimlparser.go:1991.21,1994.3 2 0
github.com/haya14busa/go-vimlparser/go/vimlparser.go:1994.3,1994.21 1 1
github.com/haya14busa/go-vimlparser/go/vimlparser.go:1994.21,1997.3 2 0
github.com/haya14busa/go-vimlparser/go/vimlparser.go:1997.3,1997.21 1 1
github.com/haya14busa/go-vimlparser/go/vimlparser.go:1997.21,2000.3 2 0
github.com/haya14busa/go-vimlparser/go/vimlparser.go:2000.3,2000.22 1 1
github.com/haya14busa/go-vimlparser/go/vimlparser.go:2000.22,2003.3 2 0
github.com/haya14busa/go-vimlparser/go/vimlparser.go:2003.3,2003.21 1 1
github.com/haya14busa/go-vimlparser/go/vimlparser.go:2003.21,2007.3 3 0
github.com/haya14busa/go-vimlparser/go/vimlparser.go:2007.3,2007.21 1 1
github.com/haya14busa/go-vimlparser/go/vimlparser.go:2007.21,2010.3 1 0
github.com/haya14busa/go-vimlparser/go/vimlparser.go:2010.3,2010.21 1 1
github.com/haya14busa/go-vimlparser/go/vimlparser.go:2010.21,2012.56 2 0
github.com/haya14busa/go-vimlparser/go/vimlparser.go:2017.3,2017.42 1 0
github.com/haya14busa/go-vimlparser/go/vimlparser.go:2012.56,2014.4 1 0
github.com/haya14busa/go-vimlparser/go/vimlparser.go:2014.4,2016.4 1 0
github.com/haya14busa/go-vimlparser/go/vimlparser.go:2018.3,2018.21 1 1
github.com/haya14busa/go-vimlparser/go/vimlparser.go:2018.21,2021.3 2 1
github.com/haya14busa/go-vimlparser/go/vimlparser.go:2021.3,2021.21 1 0
github.com/haya14busa/go-vimlparser/go/vimlparser.go:2021.21,2024.3 2 0
github.com/haya14busa/go-vimlparser/go/vimlparser.go:2024.3,2024.21 1 0
github.com/haya14busa/go-vimlparser/go/vimlparser.go:2024.21,2027.3 2 0
github.com/haya14busa/go-vimlparser/go/vimlparser.go:2027.3,2027.21 1 0
github.com/haya14busa/go-vimlparser/go/vimlparser.go:2027.21,2030.3 2 0
github.com/haya14busa/go-vimlparser/go/vimlparser.go:2030.3,2031.79 1 0
github.com/haya14busa/go-vimlparser/go/vimlparser.go:2035.49,2038.14 3 0
github.com/haya14busa/go-vimlparser/go/vimlparser.go:2041.2,2043.11 3 0
github.com/haya14busa/go-vimlparser/go/vimlparser.go:2060.2,2060.10 1 0
github.com/haya14busa/go-vimlparser/go/vimlparser.go:2038.14,2039.79 1 0
github.com/haya14busa/go-vimlparser/go/vimlparser.go:2043.11,2045.35 2 0
github.com/haya14busa/go-vimlparser/go/vimlparser.go:2045.35,2046.54 1 0
github.com/haya14busa/go-vimlparser/go/vimlparser.go:2047.4,2047.22 1 0
github.com/haya14busa/go-vimlparser/go/vimlparser.go:2047.22,2049.31 2 0
github.com/haya14busa/go-vimlparser/go/vimlparser.go:2049.31,2052.5 2 0
github.com/haya14busa/go-vimlparser/go/vimlparser.go:2052.5,2053.10 1 0
github.com/haya14busa/go-vimlparser/go/vimlparser.go:2055.4,2058.4 2 0
github.com/haya14busa/go-vimlparser/go/vimlparser.go:2063.49,2066.15 3 0
github.com/haya14busa/go-vimlparser/go/vimlparser.go:2069.2,2071.11 3 0
github.com/haya14busa/go-vimlparser/go/vimlparser.go:2092.2,2092.10 1 0
github.com/haya14busa/go-vimlparser/go/vimlparser.go:2066.15,2067.79 1 0
github.com/haya14busa/go-vimlparser/go/vimlparser.go:2071.11,2073.35 2 0
github.com/haya14busa/go-vimlparser/go/vimlparser.go:2073.35,2074.53 1 0
github.com/haya14busa/go-vimlparser/go/vimlparser.go:2075.4,2075.23 1 0
github.com/haya14busa/go-vimlparser/go/vimlparser.go:2075.23,2077.9 2 0
github.com/haya14busa/go-vimlparser/go/vimlparser.go:2078.4,2078.23 1 0
github.com/haya14busa/go-vimlparser/go/vimlparser.go:2078.23,2082.36 4 0
github.com/haya14busa/go-vimlparser/go/vimlparser.go:2085.4,2086.10 2 0
github.com/haya14busa/go-vimlparser/go/vimlparser.go:2082.36,2083.70 1 0
github.com/haya14busa/go-vimlparser/go/vimlparser.go:2087.4,2090.4 2 0
github.com/haya14busa/go-vimlparser/go/vimlparser.go:2095.56,2098.2 2 1
github.com/haya14busa/go-vimlparser/go/vimlparser.go:2100.42,2102.2 1 1
github.com/haya14busa/go-vimlparser/go/vimlparser.go:2105.48,2109.35 4 1
github.com/haya14busa/go-vimlparser/go/vimlparser.go:2123.2,2123.13 1 1
github.com/haya14busa/go-vimlparser/go/vimlparser.go:2109.35,2115.33 6 0
github.com/haya14busa/go-vimlparser/go/vimlparser.go:2118.3,2119.14 2 0
github.com/haya14busa/go-vimlparser/go/vimlparser.go:2115.33,2116.75 1 0
github.com/haya14busa/go-vimlparser/go/vimlparser.go:2120.3,2122.3 1 1
github.com/haya14busa/go-vimlparser/go/vimlparser.go:2127.48,2129.11 2 1
github.com/haya14busa/go-vimlparser/go/vimlparser.go:2143.2,2143.13 1 1
github.com/haya14busa/go-vimlparser/go/vimlparser.go:2129.11,2132.32 3 1
github.com/haya14busa/go-vimlparser/go/vimlparser.go:2132.32,2138.4 5 0
github.com/haya14busa/go-vimlparser/go/vimlparser.go:2138.4,2140.9 2 1
github.com/haya14busa/go-vimlparser/go/vimlparser.go:2147.48,2149.11 2 1
github.com/haya14busa/go-vimlparser/go/vimlparser.go:2163.2,2163.13 1 1
github.com/haya14busa/go-vimlparser/go/vimlparser.go:2149.11,2152.34 3 1
github.com/haya14busa/go-vimlparser/go/vimlparser.go:2152.34,2158.4 5 0
github.com/haya14busa/go-vimlparser/go/vimlparser.go:2158.4,2160.9 2 1
github.com/haya14busa/go-vimlparser/go/vimlparser.go:2181.48,2185.31 4 1
github.com/haya14busa/go-vimlparser/go/vimlparser.go:2368.2,2368.13 1 1
github.com/haya14busa/go-vimlparser/go/vimlparser.go:2185.31,2191.3 5 0
github.com/haya14busa/go-vimlparser/go/vimlparser.go:2191.3,2191.40 1 1
github.com/haya14busa/go-vimlparser/go/vimlparser.go:2191.40,2197.3 5 0
github.com/haya14busa/go-vimlparser/go/vimlparser.go:2197.3,2197.40 1 1
github.com/haya14busa/go-vimlparser/go/vimlparser.go:2197.40,2203.3 5 0
github.com/haya14busa/go-vimlparser/go/vimlparser.go:2203.3,2203.37 1 1
github.com/haya14busa/go-vimlparser/go/vimlparser.go:2203.37,2209.3 5 0
github.com/haya14busa/go-vimlparser/go/vimlparser.go:2209.3,2209.39 1 1
github.com/haya14busa/go-vimlparser/go/vimlparser.go:2209.39,2215.3 5 0
github.com/haya14busa/go-vimlparser/go/vimlparser.go:2215.3,2215.39 1 1
github.com/haya14busa/go-vimlparser/go/vimlparser.go:2215.39,2221.3 5 0
github.com/haya14busa/go-vimlparser/go/vimlparser.go:2221.3,2221.36 1 1
github.com/haya14busa/go-vimlparser/go/vimlparser.go:2221.36,2227.3 5 0
github.com/haya14busa/go-vimlparser/go/vimlparser.go:2227.3,2227.38 1 1
github.com/haya14busa/go-vimlparser/go/vimlparser.go:2227.38,2233.3 5 0
github.com/haya14busa/go-vimlparser/go/vimlparser.go:2233.3,2233.38 1 1
github.com/haya14busa/go-vimlparser/go/vimlparser.go:2233.38,2239.3 5 0
github.com/haya14busa/go-vimlparser/go/vimlparser.go:2239.3,2239.38 1 1
github.com/haya14busa/go-vimlparser/go/vimlparser.go:2239.38,2245.3 5 0
github.com/haya14busa/go-vimlparser/go/vimlparser.go:2245.3,2245.40 1 1
github.com/haya14busa/go-vimlparser/go/vimlparser.go:2245.40,2251.3 5 0
github.com/haya14busa/go-vimlparser/go/vimlparser.go:2251.3,2251.40 1 1
github.com/haya14busa/go-vimlparser/go/vimlparser.go:2251.40,2257.3 5 0
github.com/haya14busa/go-vimlparser/go/vimlparser.go:2257.3,2257.36 1 1
github.com/haya14busa/go-vimlparser/go/vimlparser.go:2257.36,2263.3 5 0
github.com/haya14busa/go-vimlparser/go/vimlparser.go:2263.3,2263.38 1 1
github.com/haya14busa/go-vimlparser/go/vimlparser.go:2263.38,2269.3 5 0
github.com/haya14busa/go-vimlparser/go/vimlparser.go:2269.3,2269.38 1 1
github.com/haya14busa/go-vimlparser/go/vimlparser.go:2269.38,2275.3 5 0
github.com/haya14busa/go-vimlparser/go/vimlparser.go:2275.3,2275.38 1 1
github.com/haya14busa/go-vimlparser/go/vimlparser.go:2275.38,2281.3 5 0
github.com/haya14busa/go-vimlparser/go/vimlparser.go:2281.3,2281.40 1 1
github.com/haya14busa/go-vimlparser/go/vimlparser.go:2281.40,2287.3 5 0
github.com/haya14busa/go-vimlparser/go/vimlparser.go:2287.3,2287.40 1 1
github.com/haya14busa/go-vimlparser/go/vimlparser.go:2287.40,2293.3 5 0
github.com/haya14busa/go-vimlparser/go/vimlparser.go:2293.3,2293.39 1 1
github.com/haya14busa/go-vimlparser/go/vimlparser.go:2293.39,2299.3 5 0
github.com/haya14busa/go-vimlparser/go/vimlparser.go:2299.3,2299.41 1 1
github.com/haya14busa/go-vimlparser/go/vimlparser.go:2299.41,2305.3 5 0
github.com/haya14busa/go-vimlparser/go/vimlparser.go:2305.3,2305.41 1 1
github.com/haya14busa/go-vimlparser/go/vimlparser.go:2305.41,2311.3 5 0
github.com/haya14busa/go-vimlparser/go/vimlparser.go:2311.3,2311.41 1 1
github.com/haya14busa/go-vimlparser/go/vimlparser.go:2311.41,2317.3 5 0
github.com/haya14busa/go-vimlparser/go/vimlparser.go:2317.3,2317.43 1 1
github.com/haya14busa/go-vimlparser/go/vimlparser.go:2317.43,2323.3 5 0
github.com/haya14busa/go-vimlparser/go/vimlparser.go:2323.3,2323.43 1 1
github.com/haya14busa/go-vimlparser/go/vimlparser.go:2323.43,2329.3 5 0
github.com/haya14busa/go-vimlparser/go/vimlparser.go:2329.3,2329.36 1 1
github.com/haya14busa/go-vimlparser/go/vimlparser.go:2329.36,2335.3 5 0
github.com/haya14busa/go-vimlparser/go/vimlparser.go:2335.3,2335.38 1 1
github.com/haya14busa/go-vimlparser/go/vimlparser.go:2335.38,2341.3 5 0
github.com/haya14busa/go-vimlparser/go/vimlparser.go:2341.3,2341.38 1 1
github.com/haya14busa/go-vimlparser/go/vimlparser.go:2341.38,2347.3 5 0
github.com/haya14busa/go-vimlparser/go/vimlparser.go:2347.3,2347.39 1 1
github.com/haya14busa/go-vimlparser/go/vimlparser.go:2347.39,2353.3 5 0
github.com/haya14busa/go-vimlparser/go/vimlparser.go:2353.3,2353.41 1 1
github.com/haya14busa/go-vimlparser/go/vimlparser.go:2353.41,2359.3 5 0
github.com/haya14busa/go-vimlparser/go/vimlparser.go:2359.3,2359.41 1 1
github.com/haya14busa/go-vimlparser/go/vimlparser.go:2359.41,2365.3 5 0
github.com/haya14busa/go-vimlparser/go/vimlparser.go:2365.3,2367.3 1 1
github.com/haya14busa/go-vimlparser/go/vimlparser.go:2374.48,2376.11 2 1
github.com/haya14busa/go-vimlparser/go/vimlparser.go:2402.2,2402.13 1 1
github.com/haya14busa/go-vimlparser/go/vimlparser.go:2376.11,2379.32 3 1
github.com/haya14busa/go-vimlparser/go/vimlparser.go:2379.32,2385.4 5 1
github.com/haya14busa/go-vimlparser/go/vimlparser.go:2385.4,2385.40 1 1
github.com/haya14busa/go-vimlparser/go/vimlparser.go:2385.40,2391.4 5 0
github.com/haya14busa/go-vimlparser/go/vimlparser.go:2391.4,2391.38 1 1
github.com/haya14busa/go-vimlparser/go/vimlparser.go:2391.38,2397.4 5 0
github.com/haya14busa/go-vimlparser/go/vimlparser.go:2397.4,2399.9 2 1
github.com/haya14busa/go-vimlparser/go/vimlparser.go:2408.48,2410.11 2 1
github.com/haya14busa/go-vimlparser/go/vimlparser.go:2436.2,2436.13 1 1
github.com/haya14busa/go-vimlparser/go/vimlparser.go:2410.11,2413.32 3 1
github.com/haya14busa/go-vimlparser/go/vimlparser.go:2413.32,2419.4 5 0
github.com/haya14busa/go-vimlparser/go/vimlparser.go:2419.4,2419.40 1 1
github.com/haya14busa/go-vimlparser/go/vimlparser.go:2419.40,2425.4 5 1
github.com/haya14busa/go-vimlparser/go/vimlparser.go:2425.4,2425.42 1 1
github.com/haya14busa/go-vimlparser/go/vimlparser.go:2425.42,2431.4 5 0
github.com/haya14busa/go-vimlparser/go/vimlparser.go:2431.4,2433.9 2 1
github.com/haya14busa/go-vimlparser/go/vimlparser.go:2442.48,2445.30 3 1
github.com/haya14busa/go-vimlparser/go/vimlparser.go:2445.30,2450.3 4 0
github.com/haya14busa/go-vimlparser/go/vimlparser.go:2450.3,2450.39 1 1
github.com/haya14busa/go-vimlparser/go/vimlparser.go:2450.39,2455.3 4 0
github.com/haya14busa/go-vimlparser/go/vimlparser.go:2455.3,2455.38 1 1
github.com/haya14busa/go-vimlparser/go/vimlparser.go:2455.38,2460.3 4 0
github.com/haya14busa/go-vimlparser/go/vimlparser.go:2460.3,2464.3 3 1
github.com/haya14busa/go-vimlparser/go/vimlparser.go:2471.48,2473.11 2 1
github.com/haya14busa/go-vimlparser/go/vimlparser.go:2563.2,2563.13 1 1
github.com/haya14busa/go-vimlparser/go/vimlparser.go:2473.11,2477.49 4 1
github.com/haya14busa/go-vimlparser/go/vimlparser.go:2477.49,2479.50 2 0
github.com/haya14busa/go-vimlparser/go/vimlparser.go:2479.50,2486.37 7 0
github.com/haya14busa/go-vimlparser/go/vimlparser.go:2489.5,2490.37 2 0
github.com/haya14busa/go-vimlparser/go/vimlparser.go:2493.5,2493.16 1 0
github.com/haya14busa/go-vimlparser/go/vimlparser.go:2486.37,2488.6 1 0
github.com/haya14busa/go-vimlparser/go/vimlparser.go:2490.37,2491.77 1 0
github.com/haya14busa/go-vimlparser/go/vimlparser.go:2494.5,2496.51 2 0
github.com/haya14busa/go-vimlparser/go/vimlparser.go:2496.51,2503.38 7 0
github.com/haya14busa/go-vimlparser/go/vimlparser.go:2506.6,2507.38 2 0
github.com/haya14busa/go-vimlparser/go/vimlparser.go:2510.6,2510.17 1 0
github.com/haya14busa/go-vimlparser/go/vimlparser.go:2503.38,2505.7 1 0
github.com/haya14busa/go-vimlparser/go/vimlparser.go:2507.38,2508.78 1 0
github.com/haya14busa/go-vimlparser/go/vimlparser.go:2511.6,2517.38 6 0
github.com/haya14busa/go-vimlparser/go/vimlparser.go:2520.6,2520.17 1 0
github.com/haya14busa/go-vimlparser/go/vimlparser.go:2517.38,2518.78 1 0
github.com/haya14busa/go-vimlparser/go/vimlparser.go:2523.4,2523.40 1 1
github.com/haya14busa/go-vimlparser/go/vimlparser.go:2523.40,2527.51 4 0
github.com/haya14busa/go-vimlparser/go/vimlparser.go:2546.4,2546.44 1 0
github.com/haya14busa/go-vimlparser/go/vimlparser.go:2550.4,2550.15 1 0
github.com/haya14busa/go-vimlparser/go/vimlparser.go:2527.51,2529.5 1 0
github.com/haya14busa/go-vimlparser/go/vimlparser.go:2529.5,2530.14 1 0
github.com/haya14busa/go-vimlparser/go/vimlparser.go:2530.14,2533.36 3 0
github.com/haya14busa/go-vimlparser/go/vimlparser.go:2533.36,2535.54 1 0
github.com/haya14busa/go-vimlparser/go/vimlparser.go:2535.54,2537.13 2 0
github.com/haya14busa/go-vimlparser/go/vimlparser.go:2539.7,2539.44 1 0
github.com/haya14busa/go-vimlparser/go/vimlparser.go:2539.44,2540.12 1 0
github.com/haya14busa/go-vimlparser/go/vimlparser.go:2541.7,2542.78 1 0
github.com/haya14busa/go-vimlparser/go/vimlparser.go:2546.44,2548.66 1 0
github.com/haya14busa/go-vimlparser/go/vimlparser.go:2551.4,2551.53 1 1
github.com/haya14busa/go-vimlparser/go/vimlparser.go:2551.53,2553.19 2 0
github.com/haya14busa/go-vimlparser/go/vimlparser.go:2557.4,2557.15 1 0
github.com/haya14busa/go-vimlparser/go/vimlparser.go:2553.19,2555.10 2 0
github.com/haya14busa/go-vimlparser/go/vimlparser.go:2558.4,2560.9 2 1
github.com/haya14busa/go-vimlparser/go/vimlparser.go:2579.48,2583.33 4 1
github.com/haya14busa/go-vimlparser/go/vimlparser.go:2693.2,2693.13 1 1
github.com/haya14busa/go-vimlparser/go/vimlparser.go:2583.33,2587.3 3 1
github.com/haya14busa/go-vimlparser/go/vimlparser.go:2587.3,2587.40 1 1
github.com/haya14busa/go-vimlparser/go/vimlparser.go:2587.40,2592.3 4 0
github.com/haya14busa/go-vimlparser/go/vimlparser.go:2592.3,2592.40 1 1
github.com/haya14busa/go-vimlparser/go/vimlparser.go:2592.40,2597.3 4 0
github.com/haya14busa/go-vimlparser/go/vimlparser.go:2597.3,2597.40 1 1
github.com/haya14busa/go-vimlparser/go/vimlparser.go:2597.40,2602.35 5 0
github.com/haya14busa/go-vimlparser/go/vimlparser.go:2602.35,2604.4 1 0
github.com/haya14busa/go-vimlparser/go/vimlparser.go:2604.4,2605.13 1 0
github.com/haya14busa/go-vimlparser/go/vimlparser.go:2605.13,2608.35 3 0
github.com/haya14busa/go-vimlparser/go/vimlparser.go:2608.35,2610.54 2 0
github.com/haya14busa/go-vimlparser/go/vimlparser.go:2610.54,2612.12 2 0
github.com/haya14busa/go-vimlparser/go/vimlparser.go:2614.6,2614.44 1 0
github.com/haya14busa/go-vimlparser/go/vimlparser.go:2614.44,2616.11 2 0
github.com/haya14busa/go-vimlparser/go/vimlparser.go:2617.6,2618.77 1 0
github.com/haya14busa/go-vimlparser/go/vimlparser.go:2622.3,2622.39 1 1
github.com/haya14busa/go-vimlparser/go/vimlparser.go:2622.39,2627.34 5 0
github.com/haya14busa/go-vimlparser/go/vimlparser.go:2627.34,2629.4 1 0
github.com/haya14busa/go-vimlparser/go/vimlparser.go:2629.4,2630.13 1 0
github.com/haya14busa/go-vimlparser/go/vimlparser.go:2630.13,2633.36 3 0
github.com/haya14busa/go-vimlparser/go/vimlparser.go:2641.5,2641.35 1 0
github.com/haya14busa/go-vimlparser/go/vimlparser.go:2644.5,2647.35 4 0
github.com/haya14busa/go-vimlparser/go/vimlparser.go:2633.36,2634.33 1 0
github.com/haya14busa/go-vimlparser/go/vimlparser.go:2637.6,2639.11 3 0
github.com/haya14busa/go-vimlparser/go/vimlparser.go:2634.33,2635.78 1 0
github.com/haya14busa/go-vimlparser/go/vimlparser.go:2641.35,2642.77 1 0
github.com/haya14busa/go-vimlparser/go/vimlparser.go:2647.35,2648.53 1 0
github.com/haya14busa/go-vimlparser/go/vimlparser.go:2648.53,2650.12 2 0
github.com/haya14busa/go-vimlparser/go/vimlparser.go:2652.6,2652.43 1 0
github.com/haya14busa/go-vimlparser/go/vimlparser.go:2652.43,2653.11 1 0
github.com/haya14busa/go-vimlparser/go/vimlparser.go:2654.6,2655.77 1 0
github.com/haya14busa/go-vimlparser/go/vimlparser.go:2659.3,2659.39 1 1
github.com/haya14busa/go-vimlparser/go/vimlparser.go:2659.39,2662.34 3 0
github.com/haya14busa/go-vimlparser/go/vimlparser.go:2662.34,2663.75 1 0
github.com/haya14busa/go-vimlparser/go/vimlparser.go:2665.3,2665.40 1 1
github.com/haya14busa/go-vimlparser/go/vimlparser.go:2665.40,2669.3 3 0
github.com/haya14busa/go-vimlparser/go/vimlparser.go:2669.3,2669.44 1 1
github.com/haya14busa/go-vimlparser/go/vimlparser.go:2669.44,2672.3 2 1
github.com/haya14busa/go-vimlparser/go/vimlparser.go:2672.3,2672.80 1 1
github.com/haya14busa/go-vimlparser/go/vimlparser.go:2672.80,2676.3 2 0
github.com/haya14busa/go-vimlparser/go/vimlparser.go:2676.3,2676.82 1 1
github.com/haya14busa/go-vimlparser/go/vimlparser.go:2676.82,2679.3 2 0
github.com/haya14busa/go-vimlparser/go/vimlparser.go:2679.3,2679.127 1 1
github.com/haya14busa/go-vimlparser/go/vimlparser.go:2679.127,2682.3 2 0
github.com/haya14busa/go-vimlparser/go/vimlparser.go:2682.3,2682.37 1 1
github.com/haya14busa/go-vimlparser/go/vimlparser.go:2682.37,2686.3 3 0
github.com/haya14busa/go-vimlparser/go/vimlparser.go:2686.3,2686.37 1 1
github.com/haya14busa/go-vimlparser/go/vimlparser.go:2686.37,2690.3 3 0
github.com/haya14busa/go-vimlparser/go/vimlparser.go:2690.3,2691.74 1 1
github.com/haya14busa/go-vimlparser/go/vimlparser.go:2699.77,2700.179 1 0
github.com/haya14busa/go-vimlparser/go/vimlparser.go:2703.2,2703.32 1 0
github.com/haya14busa/go-vimlparser/go/vimlparser.go:2706.2,2708.31 3 0
github.com/haya14busa/go-vimlparser/go/vimlparser.go:2713.2,2719.13 7 0
github.com/haya14busa/go-vimlparser/go/vimlparser.go:2700.179,2702.3 1 0
github.com/haya14busa/go-vimlparser/go/vimlparser.go:2703.32,2705.3 1 0
github.com/haya14busa/go-vimlparser/go/vimlparser.go:2708.31,2712.3 1 0
github.com/haya14busa/go-vimlparser/go/vimlparser.go:2722.53,2726.78 4 1
github.com/haya14busa/go-vimlparser/go/vimlparser.go:2726.78,2731.3 4 1
github.com/haya14busa/go-vimlparser/go/vimlparser.go:2731.3,2736.3 4 0
github.com/haya14busa/go-vimlparser/go/vimlparser.go:2739.56,2743.61 4 1
github.com/haya14busa/go-vimlparser/go/vimlparser.go:2752.2,2752.11 1 1
github.com/haya14busa/go-vimlparser/go/vimlparser.go:2782.2,2782.20 1 1
github.com/haya14busa/go-vimlparser/go/vimlparser.go:2743.61,2751.3 6 0
github.com/haya14busa/go-vimlparser/go/vimlparser.go:2752.11,2754.17 2 1
github.com/haya14busa/go-vimlparser/go/vimlparser.go:2754.17,2763.4 7 1
github.com/haya14busa/go-vimlparser/go/vimlparser.go:2763.4,2763.22 1 1
github.com/haya14busa/go-vimlparser/go/vimlparser.go:2763.22,2774.16 10 0
github.com/haya14busa/go-vimlparser/go/vimlparser.go:2777.4,2777.27 1 0
github.com/haya14busa/go-vimlparser/go/vimlparser.go:2774.16,2775.77 1 0
github.com/haya14busa/go-vimlparser/go/vimlparser.go:2778.4,2779.9 1 1
github.com/haya14busa/go-vimlparser/go/vimlparser.go:2785.44,2787.2 1 1
github.com/haya14busa/go-vimlparser/go/vimlparser.go:2792.48,2794.11 2 1
github.com/haya14busa/go-vimlparser/go/vimlparser.go:2855.2,2855.13 1 1
github.com/haya14busa/go-vimlparser/go/vimlparser.go:2794.11,2798.49 4 1
github.com/haya14busa/go-vimlparser/go/vimlparser.go:2798.49,2801.50 3 0
github.com/haya14busa/go-vimlparser/go/vimlparser.go:2842.4,2842.15 1 0
github.com/haya14busa/go-vimlparser/go/vimlparser.go:2801.50,2808.37 7 0
github.com/haya14busa/go-vimlparser/go/vimlparser.go:2811.5,2812.37 2 0
github.com/haya14busa/go-vimlparser/go/vimlparser.go:2808.37,2810.6 1 0
github.com/haya14busa/go-vimlparser/go/vimlparser.go:2812.37,2813.77 1 0
github.com/haya14busa/go-vimlparser/go/vimlparser.go:2815.5,2817.51 2 0
github.com/haya14busa/go-vimlparser/go/vimlparser.go:2817.51,2824.38 7 0
github.com/haya14busa/go-vimlparser/go/vimlparser.go:2827.6,2828.38 2 0
github.com/haya14busa/go-vimlparser/go/vimlparser.go:2824.38,2826.7 1 0
github.com/haya14busa/go-vimlparser/go/vimlparser.go:2828.38,2829.78 1 0
github.com/haya14busa/go-vimlparser/go/vimlparser.go:2831.6,2837.38 6 0
github.com/haya14busa/go-vimlparser/go/vimlparser.go:2837.38,2838.78 1 0
github.com/haya14busa/go-vimlparser/go/vimlparser.go:2843.4,2843.53 1 1
github.com/haya14busa/go-vimlparser/go/vimlparser.go:2843.53,2845.19 2 0
github.com/haya14busa/go-vimlparser/go/vimlparser.go:2849.4,2849.15 1 0
github.com/haya14busa/go-vimlparser/go/vimlparser.go:2845.19,2847.10 2 0
github.com/haya14busa/go-vimlparser/go/vimlparser.go:2850.4,2852.9 2 1
github.com/haya14busa/go-vimlparser/go/vimlparser.go:2863.48,2867.32 4 1
github.com/haya14busa/go-vimlparser/go/vimlparser.go:2892.2,2892.13 1 1
github.com/haya14busa/go-vimlparser/go/vimlparser.go:2867.32,2870.3 2 0
github.com/haya14busa/go-vimlparser/go/vimlparser.go:2870.3,2870.40 1 1
github.com/haya14busa/go-vimlparser/go/vimlparser.go:2870.40,2874.3 3 0
github.com/haya14busa/go-vimlparser/go/vimlparser.go:2874.3,2874.44 1 1
github.com/haya14busa/go-vimlparser/go/vimlparser.go:2874.44,2877.3 2 1
github.com/haya14busa/go-vimlparser/go/vimlparser.go:2877.3,2877.82 1 0
github.com/haya14busa/go-vimlparser/go/vimlparser.go:2877.82,2880.3 2 0
github.com/haya14busa/go-vimlparser/go/vimlparser.go:2880.3,2880.37 1 0
github.com/haya14busa/go-vimlparser/go/vimlparser.go:2880.37,2884.3 3 0
github.com/haya14busa/go-vimlparser/go/vimlparser.go:2884.3,2884.37 1 0
github.com/haya14busa/go-vimlparser/go/vimlparser.go:2884.37,2889.3 4 0
github.com/haya14busa/go-vimlparser/go/vimlparser.go:2889.3,2890.74 1 0
github.com/haya14busa/go-vimlparser/go/vimlparser.go:2895.52,2897.29 2 1
github.com/haya14busa/go-vimlparser/go/vimlparser.go:2925.2,2926.12 2 1
github.com/haya14busa/go-vimlparser/go/vimlparser.go:2897.29,2899.53 2 1
github.com/haya14busa/go-vimlparser/go/vimlparser.go:2904.3,2904.79 1 1
github.com/haya14busa/go-vimlparser/go/vimlparser.go:2920.3,2922.12 3 1
github.com/haya14busa/go-vimlparser/go/vimlparser.go:2899.53,2903.4 3 1
github.com/haya14busa/go-vimlparser/go/vimlparser.go:2904.79,2907.58 3 0
github.com/haya14busa/go-vimlparser/go/vimlparser.go:2918.4,2918.13 1 0
github.com/haya14busa/go-vimlparser/go/vimlparser.go:2907.58,2908.13 1 0
github.com/haya14busa/go-vimlparser/go/vimlparser.go:2916.5,2916.23 1 0
github.com/haya14busa/go-vimlparser/go/vimlparser.go:2908.13,2909.19 1 0
github.com/haya14busa/go-vimlparser/go/vimlparser.go:2909.19,2911.7 1 0
github.com/haya14busa/go-vimlparser/go/vimlparser.go:2912.6,2915.6 2 0
github.com/haya14busa/go-vimlparser/go/vimlparser.go:2929.38,2931.2 1 0
github.com/haya14busa/go-vimlparser/go/vimlparser.go:2933.38,2935.2 1 1
github.com/haya14busa/go-vimlparser/go/vimlparser.go:2937.43,2939.2 1 1
github.com/haya14busa/go-vimlparser/go/vimlparser.go:2941.43,2943.2 1 1
github.com/haya14busa/go-vimlparser/go/vimlparser.go:2945.43,2947.2 1 0
github.com/haya14busa/go-vimlparser/go/vimlparser.go:2949.43,2950.34 1 1
github.com/haya14busa/go-vimlparser/go/vimlparser.go:2953.2,2953.29 1 1
github.com/haya14busa/go-vimlparser/go/vimlparser.go:2950.34,2952.3 1 0
github.com/haya14busa/go-vimlparser/go/vimlparser.go:2956.41,2957.34 1 1
github.com/haya14busa/go-vimlparser/go/vimlparser.go:2960.2,2960.25 1 1
github.com/haya14busa/go-vimlparser/go/vimlparser.go:2957.34,2959.3 1 1
github.com/haya14busa/go-vimlparser/go/vimlparser.go:2963.40,2964.34 1 1
github.com/haya14busa/go-vimlparser/go/vimlparser.go:2967.2,2968.29 2 1
github.com/haya14busa/go-vimlparser/go/vimlparser.go:2964.34,2966.3 1 0
github.com/haya14busa/go-vimlparser/go/vimlparser.go:2971.47,2976.2 4 1
[...]
github.com/haya14busa/go-vimlparser/go/vimlparser.go:3309.80,3309.128 2 0
github.com/haya14busa/go-vimlparser/go/vimlparser.go:3310.56,3312.3 1 0
github.com/haya14busa/go-vimlparser/go/vimlparser.go:3313.23,3315.3 1 0
github.com/haya14busa/go-vimlparser/go/vimlparser.go:3315.3,3317.3 1 0
github.com/haya14busa/go-vimlparser/go/vimlparser.go:3324.58,3326.2 1 0
github.com/haya14busa/go-vimlparser/go/vimlparser.go:3328.53,3329.22 1 0
github.com/haya14busa/go-vimlparser/go/vimlparser.go:3329.22,3331.3 1 0
github.com/haya14busa/go-vimlparser/go/vimlparser.go:3331.3,3333.3 1 0
github.com/haya14busa/go-vimlparser/go/vimlparser.go:3336.53,3338.2 1 0
github.com/haya14busa/go-vimlparser/go/vimlparser.go:3340.50,3342.22 2 1
github.com/haya14busa/go-vimlparser/go/vimlparser.go:3351.2,3352.50 2 1
github.com/haya14busa/go-vimlparser/go/vimlparser.go:3342.22,3344.3 1 1
github.com/haya14busa/go-vimlparser/go/vimlparser.go:3344.3,3345.36 1 0
github.com/haya14busa/go-vimlparser/go/vimlparser.go:3346.3,3346.23 1 0
github.com/haya14busa/go-vimlparser/go/vimlparser.go:3349.3,3349.26 1 0
github.com/haya14busa/go-vimlparser/go/vimlparser.go:3345.36,3345.85 3 0
github.com/haya14busa/go-vimlparser/go/vimlparser.go:3345.134,3345.143 1 0
github.com/haya14busa/go-vimlparser/go/vimlparser.go:3345.85,3345.133 2 0
github.com/haya14busa/go-vimlparser/go/vimlparser.go:3346.23,3348.4 1 0
github.com/haya14busa/go-vimlparser/go/vimlparser.go:3355.52,3356.29 1 0
github.com/haya14busa/go-vimlparser/go/vimlparser.go:3357.2,3357.46 1 0
github.com/haya14busa/go-vimlparser/go/vimlparser.go:3356.29,3356.78 3 0
github.com/haya14busa/go-vimlparser/go/vimlparser.go:3356.127,3356.136 1 0
github.com/haya14busa/go-vimlparser/go/vimlparser.go:3356.78,3356.126 2 0
github.com/haya14busa/go-vimlparser/go/vimlparser.go:3360.54,3361.29 1 0
github.com/haya14busa/go-vimlparser/go/vimlparser.go:3362.2,3362.21 1 0
github.com/haya14busa/go-vimlparser/go/vimlparser.go:3361.29,3361.78 3 0
github.com/haya14busa/go-vimlparser/go/vimlparser.go:3361.127,3361.136 1 0
github.com/haya14busa/go-vimlparser/go/vimlparser.go:3361.78,3361.126 2 0
github.com/haya14busa/go-vimlparser/go/vimlparser.go:3362.21,3364.3 1 0
github.com/haya14busa/go-vimlparser/go/vimlparser.go:3364.3,3366.3 1 0
github.com/haya14busa/go-vimlparser/go/vimlparser.go:3369.56,3370.29 1 0
github.com/haya14busa/go-vimlparser/go/vimlparser.go:3371.2,3371.21 1 0
github.com/haya14busa/go-vimlparser/go/vimlparser.go:3370.29,3370.78 3 0
github.com/haya14busa/go-vimlparser/go/vimlparser.go:3370.127,3370.136 1 0
github.com/haya14busa/go-vimlparser/go/vimlparser.go:3370.78,3370.126 2 0
github.com/haya14busa/go-vimlparser/go/vimlparser.go:3371.21,3373.3 1 0
github.com/haya14busa/go-vimlparser/go/vimlparser.go:3373.3,3375.3 1 0
github.com/haya14busa/go-vimlparser/go/vimlparser.go:3378.49,3383.36 5 0
github.com/haya14busa/go-vimlparser/go/vimlparser.go:3389.2,3389.23 1 0
github.com/haya14busa/go-vimlparser/go/vimlparser.go:3395.2,3397.18 3 0
github.com/haya14busa/go-vimlparser/go/vimlparser.go:3383.36,3388.3 4 0
github.com/haya14busa/go-vimlparser/go/vimlparser.go:3389.23,3394.3 4 0
github.com/haya14busa/go-vimlparser/go/vimlparser.go:3400.52,3406.2 5 0
github.com/haya14busa/go-vimlparser/go/vimlparser.go:3408.50,3410.22 2 0
github.com/haya14busa/go-vimlparser/go/vimlparser.go:3419.2,3424.18 6 0
github.com/haya14busa/go-vimlparser/go/vimlparser.go:3410.22,3412.3 1 0
github.com/haya14busa/go-vimlparser/go/vimlparser.go:3412.3,3413.36 1 0
github.com/haya14busa/go-vimlparser/go/vimlparser.go:3414.3,3414.23 1 0
github.com/haya14busa/go-vimlparser/go/vimlparser.go:3417.3,3417.26 1 0
github.com/haya14busa/go-vimlparser/go/vimlparser.go:3413.36,3413.85 3 0
github.com/haya14busa/go-vimlparser/go/vimlparser.go:3413.134,3413.143 1 0
github.com/haya14busa/go-vimlparser/go/vimlparser.go:3413.85,3413.133 2 0
github.com/haya14busa/go-vimlparser/go/vimlparser.go:3414.23,3416.4 1 0
github.com/haya14busa/go-vimlparser/go/vimlparser.go:3427.55,3429.2 1 0
github.com/haya14busa/go-vimlparser/go/vimlparser.go:3431.52,3433.2 1 0
github.com/haya14busa/go-vimlparser/go/vimlparser.go:3435.50,3439.35 4 0
github.com/haya14busa/go-vimlparser/go/vimlparser.go:3452.2,3452.25 1 0
github.com/haya14busa/go-vimlparser/go/vimlparser.go:3458.2,3459.18 2 0
github.com/haya14busa/go-vimlparser/go/vimlparser.go:3439.35,3440.26 1 0
github.com/haya14busa/go-vimlparser/go/vimlparser.go:3440.26,3445.4 4 0
github.com/haya14busa/go-vimlparser/go/vimlparser.go:3445.4,3450.4 4 0
github.com/haya14busa/go-vimlparser/go/vimlparser.go:3452.25,3457.3 4 0
github.com/haya14busa/go-vimlparser/go/vimlparser.go:3462.52,3464.2 1 0
github.com/haya14busa/go-vimlparser/go/vimlparser.go:3466.51,3467.29 1 0
github.com/haya14busa/go-vimlparser/go/vimlparser.go:3468.2,3468.45 1 0
github.com/haya14busa/go-vimlparser/go/vimlparser.go:3467.29,3467.78 3 0
github.com/haya14busa/go-vimlparser/go/vimlparser.go:3467.127,3467.136 1 0
github.com/haya14busa/go-vimlparser/go/vimlparser.go:3467.78,3467.126 2 0
github.com/haya14busa/go-vimlparser/go/vimlparser.go:3471.52,3472.29 1 0
github.com/haya14busa/go-vimlparser/go/vimlparser.go:3473.2,3473.46 1 0
github.com/haya14busa/go-vimlparser/go/vimlparser.go:3472.29,3472.78 3 0
github.com/haya14busa/go-vimlparser/go/vimlparser.go:3472.127,3472.136 1 0
github.com/haya14busa/go-vimlparser/go/vimlparser.go:3472.78,3472.126 2 0
github.com/haya14busa/go-vimlparser/go/vimlparser.go:3476.53,3478.2 1 0
github.com/haya14busa/go-vimlparser/go/vimlparser.go:3480.54,3481.29 1 0
github.com/haya14busa/go-vimlparser/go/vimlparser.go:3482.2,3482.48 1 0
github.com/haya14busa/go-vimlparser/go/vimlparser.go:3481.29,3481.78 3 0
github.com/haya14busa/go-vimlparser/go/vimlparser.go:3481.127,3481.136 1 0
github.com/haya14busa/go-vimlparser/go/vimlparser.go:3481.78,3481.126 2 0
github.com/haya14busa/go-vimlparser/go/vimlparser.go:3485.54,3486.29 1 0
github.com/haya14busa/go-vimlparser/go/vimlparser.go:3487.2,3487.48 1 0
github.com/haya14busa/go-vimlparser/go/vimlparser.go:3486.29,3486.78 3 0
github.com/haya14busa/go-vimlparser/go/vimlparser.go:3486.127,3486.136 1 0
github.com/haya14busa/go-vimlparser/go/vimlparser.go:3486.78,3486.126 2 0
github.com/haya14busa/go-vimlparser/go/vimlparser.go:3490.54,3491.29 1 0
github.com/haya14busa/go-vimlparser/go/vimlparser.go:3492.2,3492.48 1 0
github.com/haya14busa/go-vimlparser/go/vimlparser.go:3491.29,3491.78 3 0
github.com/haya14busa/go-vimlparser/go/vimlparser.go:3491.127,3491.136 1 0
github.com/haya14busa/go-vimlparser/go/vimlparser.go:3491.78,3491.126 2 0
github.com/haya14busa/go-vimlparser/go/vimlparser.go:3495.61,3497.2 1 0
github.com/haya14busa/go-vimlparser/go/vimlparser.go:3499.56,3501.2 1 0
github.com/haya14busa/go-vimlparser/go/vimlparser.go:3503.57,3505.2 1 0
github.com/haya14busa/go-vimlparser/go/vimlparser.go:3507.59,3509.2 1 0
github.com/haya14busa/go-vimlparser/go/vimlparser.go:3511.61,3513.2 1 0
github.com/haya14busa/go-vimlparser/go/vimlparser.go:3515.61,3517.2 1 0
github.com/haya14busa/go-vimlparser/go/vimlparser.go:3519.60,3521.2 1 0
github.com/haya14busa/go-vimlparser/go/vimlparser.go:3523.62,3525.2 1 0
github.com/haya14busa/go-vimlparser/go/vimlparser.go:3527.62,3529.2 1 0
github.com/haya14busa/go-vimlparser/go/vimlparser.go:3531.61,3533.2 1 0
github.com/haya14busa/go-vimlparser/go/vimlparser.go:3535.63,3537.2 1 0
github.com/haya14busa/go-vimlparser/go/vimlparser.go:3539.63,3541.2 1 0
github.com/haya14busa/go-vimlparser/go/vimlparser.go:3543.60,3545.2 1 0
github.com/haya14busa/go-vimlparser/go/vimlparser.go:3547.62,3549.2 1 0
github.com/haya14busa/go-vimlparser/go/vimlparser.go:3551.62,3553.2 1 0
github.com/haya14busa/go-vimlparser/go/vimlparser.go:3555.61,3557.2 1 0
github.com/haya14busa/go-vimlparser/go/vimlparser.go:3559.63,3561.2 1 0
github.com/haya14busa/go-vimlparser/go/vimlparser.go:3563.63,3565.2 1 0
github.com/haya14busa/go-vimlparser/go/vimlparser.go:3567.60,3569.2 1 0
github.com/haya14busa/go-vimlparser/go/vimlparser.go:3571.62,3573.2 1 0
github.com/haya14busa/go-vimlparser/go/vimlparser.go:3575.62,3577.2 1 0
github.com/haya14busa/go-vimlparser/go/vimlparser.go:3579.59,3581.2 1 0
github.com/haya14busa/go-vimlparser/go/vimlparser.go:3583.61,3585.2 1 0
github.com/haya14busa/go-vimlparser/go/vimlparser.go:3587.61,3589.2 1 0
github.com/haya14busa/go-vimlparser/go/vimlparser.go:3591.61,3593.2 1 0
github.com/haya14busa/go-vimlparser/go/vimlparser.go:3595.63,3597.2 1 0
github.com/haya14busa/go-vimlparser/go/vimlparser.go:3599.63,3601.2 1 0
github.com/haya14busa/go-vimlparser/go/vimlparser.go:3603.56,3605.2 1 0
github.com/haya14busa/go-vimlparser/go/vimlparser.go:3607.58,3609.2 1 0
github.com/haya14busa/go-vimlparser/go/vimlparser.go:3611.58,3613.2 1 0
github.com/haya14busa/go-vimlparser/go/vimlparser.go:3615.59,3617.2 1 0
github.com/haya14busa/go-vimlparser/go/vimlparser.go:3619.61,3621.2 1 0
github.com/haya14busa/go-vimlparser/go/vimlparser.go:3623.61,3625.2 1 0
github.com/haya14busa/go-vimlparser/go/vimlparser.go:3627.57,3629.2 1 1
github.com/haya14busa/go-vimlparser/go/vimlparser.go:3631.62,3633.2 1 0
github.com/haya14busa/go-vimlparser/go/vimlparser.go:3635.60,3637.2 1 0
github.com/haya14busa/go-vimlparser/go/vimlparser.go:3639.62,3641.2 1 0
github.com/haya14busa/go-vimlparser/go/vimlparser.go:3643.60,3645.2 1 0
github.com/haya14busa/go-vimlparser/go/vimlparser.go:3647.63,3649.2 1 0
github.com/haya14busa/go-vimlparser/go/vimlparser.go:3651.57,3653.2 1 0
github.com/haya14busa/go-vimlparser/go/vimlparser.go:3655.58,3657.2 1 0
github.com/haya14busa/go-vimlparser/go/vimlparser.go:3659.59,3661.2 1 0
github.com/haya14busa/go-vimlparser/go/vimlparser.go:3663.63,3665.2 1 0
github.com/haya14busa/go-vimlparser/go/vimlparser.go:3667.59,3668.25 1 0
github.com/haya14busa/go-vimlparser/go/vimlparser.go:3669.2,3669.25 1 0
github.com/haya14busa/go-vimlparser/go/vimlparser.go:3670.2,3670.82 1 0
github.com/haya14busa/go-vimlparser/go/vimlparser.go:3668.25,3668.51 1 0
github.com/haya14busa/go-vimlparser/go/vimlparser.go:3668.51,3668.65 1 0
github.com/haya14busa/go-vimlparser/go/vimlparser.go:3668.65,3668.116 1 0
github.com/haya14busa/go-vimlparser/go/vimlparser.go:3669.25,3669.51 1 0
github.com/haya14busa/go-vimlparser/go/vimlparser.go:3669.51,3669.65 1 0
github.com/haya14busa/go-vimlparser/go/vimlparser.go:3669.65,3669.116 1 0
github.com/haya14busa/go-vimlparser/go/vimlparser.go:3673.57,3675.2 1 0
github.com/haya14busa/go-vimlparser/go/vimlparser.go:3677.58,3678.30 1 0
github.com/haya14busa/go-vimlparser/go/vimlparser.go:3679.2,3679.23 1 0
github.com/haya14busa/go-vimlparser/go/vimlparser.go:3678.30,3678.80 3 0
github.com/haya14busa/go-vimlparser/go/vimlparser.go:3678.129,3678.138 1 0
github.com/haya14busa/go-vimlparser/go/vimlparser.go:3678.80,3678.128 2 0
github.com/haya14busa/go-vimlparser/go/vimlparser.go:3679.23,3681.3 1 0
github.com/haya14busa/go-vimlparser/go/vimlparser.go:3681.3,3683.3 1 0
github.com/haya14busa/go-vimlparser/go/vimlparser.go:3686.60,3688.2 1 1
github.com/haya14busa/go-vimlparser/go/vimlparser.go:3690.60,3692.2 1 0
github.com/haya14busa/go-vimlparser/go/vimlparser.go:3694.60,3696.2 1 0
github.com/haya14busa/go-vimlparser/go/vimlparser.go:3698.64,3700.2 1 1
github.com/haya14busa/go-vimlparser/go/vimlparser.go:3702.57,3704.2 1 0
github.com/haya14busa/go-vimlparser/go/vimlparser.go:3706.57,3708.2 1 0
github.com/haya14busa/go-vimlparser/go/vimlparser.go:3710.67,3712.2 1 0
github.com/haya14busa/go-vimlparser/cmd/vimlparser/main.go:14.13,19.31 3 0
github.com/haya14busa/go-vimlparser/cmd/vimlparser/main.go:28.2,29.16 2 0
github.com/haya14busa/go-vimlparser/cmd/vimlparser/main.go:32.2,32.60 1 0
github.com/haya14busa/go-vimlparser/cmd/vimlparser/main.go:35.2,35.18 1 0
github.com/haya14busa/go-vimlparser/cmd/vimlparser/main.go:19.31,21.17 2 0
github.com/haya14busa/go-vimlparser/cmd/vimlparser/main.go:25.3,25.8 1 0
github.com/haya14busa/go-vimlparser/cmd/vimlparser/main.go:21.17,24.4 2 0
github.com/haya14busa/go-vimlparser/cmd/vimlparser/main.go:29.16,31.3 1 0
github.com/haya14busa/go-vimlparser/cmd/vimlparser/main.go:32.60,34.3 1 0
github.com/haya14busa/go-vimlparser/go/export.go:30.45,31.15 1 1
github.com/haya14busa/go-vimlparser/go/export.go:34.2,59.3 1 1
github.com/haya14busa/go-vimlparser/go/export.go:31.15,33.3 1 1
github.com/haya14busa/go-vimlparser/go/export.go:69.38,70.14 1 1
github.com/haya14busa/go-vimlparser/go/export.go:73.2,78.3 1 1
github.com/haya14busa/go-vimlparser/go/export.go:70.14,72.3 1 0
github.com/haya14busa/go-vimlparser/go/export.go:87.38,88.14 1 1
github.com/haya14busa/go-vimlparser/go/export.go:91.2,95.3 1 1
github.com/haya14busa/go-vimlparser/go/export.go:88.14,90.3 1 1
github.com/haya14busa/go-vimlparser/go/export.go:131.44,132.14 1 1
github.com/haya14busa/go-vimlparser/go/export.go:135.2,136.27 2 1
github.com/haya14busa/go-vimlparser/go/export.go:139.2,140.28 2 1
github.com/haya14busa/go-vimlparser/go/export.go:143.2,144.27 2 1
github.com/haya14busa/go-vimlparser/go/export.go:147.2,148.29 2 1
github.com/haya14busa/go-vimlparser/go/export.go:151.2,152.28 2 1
github.com/haya14busa/go-vimlparser/go/export.go:155.2,186.3 1 1
github.com/haya14busa/go-vimlparser/go/export.go:132.14,134.3 1 1
github.com/haya14busa/go-vimlparser/go/export.go:136.27,138.3 1 0
github.com/haya14busa/go-vimlparser/go/export.go:140.28,142.3 1 0
github.com/haya14busa/go-vimlparser/go/export.go:144.27,146.3 1 1
github.com/haya14busa/go-vimlparser/go/export.go:148.29,150.3 1 0
github.com/haya14busa/go-vimlparser/go/export.go:152.28,154.3 1 0
github.com/haya14busa/go-vimlparser/go/export.go:195.56,196.17 1 1
github.com/haya14busa/go-vimlparser/go/export.go:199.2,203.3 1 1
github.com/haya14busa/go-vimlparser/go/export.go:196.17,198.3 1 0
github.com/haya14busa/go-vimlparser/go/export.go:206.65,208.2 1 1
github.com/haya14busa/go-vimlparser/go/export.go:210.45,212.2 1 1
github.com/haya14busa/go-vimlparser/go/export.go:214.58,216.33 2 1
github.com/haya14busa/go-vimlparser/go/export.go:219.2,219.31 1 1
github.com/haya14busa/go-vimlparser/go/export.go:222.2,222.12 1 0
github.com/haya14busa/go-vimlparser/go/export.go:216.33,218.3 1 1
github.com/haya14busa/go-vimlparser/go/export.go:219.31,221.3 1 1
github.com/haya14busa/go-vimlparser/go/export.go:225.46,226.14 1 1
github.com/haya14busa/go-vimlparser/go/export.go:229.2,230.27 2 1
github.com/haya14busa/go-vimlparser/go/export.go:233.2,234.28 2 1
github.com/haya14busa/go-vimlparser/go/export.go:237.2,238.27 2 1
github.com/haya14busa/go-vimlparser/go/export.go:241.2,242.29 2 1
github.com/haya14busa/go-vimlparser/go/export.go:245.2,246.28 2 1
github.com/haya14busa/go-vimlparser/go/export.go:249.2,280.3 1 1
github.com/haya14busa/go-vimlparser/go/export.go:226.14,228.3 1 1
github.com/haya14busa/go-vimlparser/go/export.go:230.27,232.3 1 0
github.com/haya14busa/go-vimlparser/go/export.go:234.28,236.3 1 0
github.com/haya14busa/go-vimlparser/go/export.go:238.27,240.3 1 1
github.com/haya14busa/go-vimlparser/go/export.go:242.29,244.3 1 0
github.com/haya14busa/go-vimlparser/go/export.go:246.28,248.3 1 0
github.com/haya14busa/go-vimlparser/go/export.go:283.40,284.14 1 1
github.com/haya14busa/go-vimlparser/go/export.go:287.2,291.3 1 1
github.com/haya14busa/go-vimlparser/go/export.go:284.14,286.3 1 1
github.com/haya14busa/go-vimlparser/go/export.go:294.58,295.17 1 1
github.com/haya14busa/go-vimlparser/go/export.go:298.2,302.3 1 1
github.com/haya14busa/go-vimlparser/go/export.go:295.17,297.3 1 0
github.com/haya14busa/go-vimlparser/go/export.go:305.47,306.15 1 1
github.com/haya14busa/go-vimlparser/go/export.go:309.2,334.3 1 1
github.com/haya14busa/go-vimlparser/go/export.go:306.15,308.3 1 1
github.com/haya14busa/go-vimlparser/go/export.go:337.40,338.14 1 1
github.com/haya14busa/go-vimlparser/go/export.go:341.2,346.3 1 1
github.com/haya14busa/go-vimlparser/go/export.go:338.14,340.3 1 0
github.com/haya14busa/go-vimlparser/type.go:33.48,34.15 1 1
github.com/haya14busa/go-vimlparser/type.go:37.2,62.3 1 1
github.com/haya14busa/go-vimlparser/type.go:34.15,36.3 1 1
github.com/haya14busa/go-vimlparser/type.go:73.41,74.14 1 1
github.com/haya14busa/go-vimlparser/type.go:77.2,82.3 1 1
github.com/haya14busa/go-vimlparser/type.go:74.14,76.3 1 0
github.com/haya14busa/go-vimlparser/type.go:92.41,93.14 1 1
github.com/haya14busa/go-vimlparser/type.go:96.2,100.3 1 1
github.com/haya14busa/go-vimlparser/type.go:93.14,95.3 1 1
github.com/haya14busa/go-vimlparser/type.go:137.44,138.14 1 1
github.com/haya14busa/go-vimlparser/type.go:141.2,142.27 2 1
github.com/haya14busa/go-vimlparser/type.go:145.2,146.28 2 1
github.com/haya14busa/go-vimlparser/type.go:149.2,150.27 2 1
github.com/haya14busa/go-vimlparser/type.go:153.2,154.29 2 1
github.com/haya14busa/go-vimlparser/type.go:157.2,158.28 2 1
github.com/haya14busa/go-vimlparser/type.go:161.2,192.3 1 1
github.com/haya14busa/go-vimlparser/type.go:138.14,140.3 1 1
github.com/haya14busa/go-vimlparser/type.go:142.27,144.3 1 0
github.com/haya14busa/go-vimlparser/type.go:146.28,148.3 1 0
github.com/haya14busa/go-vimlparser/type.go:150.27,152.3 1 1
github.com/haya14busa/go-vimlparser/type.go:154.29,156.3 1 0
github.com/haya14busa/go-vimlparser/type.go:158.28,160.3 1 0
github.com/haya14busa/go-vimlparser/type.go:202.59,203.17 1 1
github.com/haya14busa/go-vimlparser/type.go:206.2,210.3 1 1
github.com/haya14busa/go-vimlparser/type.go:203.17,205.3 1 0
github.com/haya14busa/go-vimlparser/type.go:213.50,214.14 1 1
github.com/haya14busa/go-vimlparser/type.go:217.2,218.27 2 1
github.com/haya14busa/go-vimlparser/type.go:221.2,222.28 2 1
github.com/haya14busa/go-vimlparser/type.go:225.2,226.27 2 1
github.com/haya14busa/go-vimlparser/type.go:229.2,230.29 2 1
github.com/haya14busa/go-vimlparser/type.go:233.2,234.28 2 1
github.com/haya14busa/go-vimlparser/type.go:237.2,268.3 1 1
github.com/haya14busa/go-vimlparser/type.go:214.14,216.3 1 1
github.com/haya14busa/go-vimlparser/type.go:218.27,220.3 1 0
github.com/haya14busa/go-vimlparser/type.go:222.28,224.3 1 0
github.com/haya14busa/go-vimlparser/type.go:226.27,228.3 1 1
github.com/haya14busa/go-vimlparser/type.go:230.29,232.3 1 0
github.com/haya14busa/go-vimlparser/type.go:234.28,236.3 1 0
github.com/haya14busa/go-vimlparser/type.go:271.47,272.14 1 1
github.com/haya14busa/go-vimlparser/type.go:275.2,279.3 1 1
github.com/haya14busa/go-vimlparser/type.go:272.14,274.3 1 1
github.com/haya14busa/go-vimlparser/type.go:282.54,283.15 1 1
github.com/haya14busa/go-vimlparser/type.go:286.2,311.3 1 1
github.com/haya14busa/go-vimlparser/type.go:283.15,285.3 1 1
github.com/haya14busa/go-vimlparser/type.go:314.47,315.14 1 1
github.com/haya14busa/go-vimlparser/type.go:318.2,323.3 1 1
github.com/haya14busa/go-vimlparser/type.go:315.14,317.3 1 0
github.com/haya14busa/go-vimlparser/type.go:326.65,327.17 1 1
github.com/haya14busa/go-vimlparser/type.go:330.2,334.3 1 1
github.com/haya14busa/go-vimlparser/type.go:327.17,329.3 1 0
github.com/haya14busa/go-vimlparser/vimlparser.go:18.67,19.15 1 1
github.com/haya14busa/go-vimlparser/vimlparser.go:26.2,29.16 4 1
github.com/haya14busa/go-vimlparser/vimlparser.go:32.2,33.8 2 1
github.com/haya14busa/go-vimlparser/vimlparser.go:19.15,20.31 1 1
github.com/haya14busa/go-vimlparser/vimlparser.go:20.31,24.4 2 1
github.com/haya14busa/go-vimlparser/vimlparser.go:29.16,31.3 1 0
github.com/haya14busa/go-vimlparser/vimlparser.go:37.53,38.15 1 1
github.com/haya14busa/go-vimlparser/vimlparser.go:45.2,49.8 5 1
github.com/haya14busa/go-vimlparser/vimlparser.go:38.15,39.31 1 1
github.com/haya14busa/go-vimlparser/vimlparser.go:39.31,43.4 2 1
github.com/haya14busa/go-vimlparser/vimlparser.go:53.51,54.15 1 1
github.com/haya14busa/go-vimlparser/vimlparser.go:60.2,63.12 4 1
github.com/haya14busa/go-vimlparser/vimlparser.go:54.15,55.31 1 1
github.com/haya14busa/go-vimlparser/vimlparser.go:55.31,58.4 1 0
github.com/haya14busa/go-vimlparser/vimlparser.go:66.38,69.21 3 1
github.com/haya14busa/go-vimlparser/vimlparser.go:72.2,72.14 1 1
github.com/haya14busa/go-vimlparser/vimlparser.go:69.21,71.3 1 1
